2025-12-14 14:00:13,200 [INFO] Activator:176 - 


2025-12-14 14:00:13,201 [INFO] Activator:177 - !SESSION log4j initialized
2025-12-14 14:00:15,767 [INFO] LogOutputStream:77 - [STDOUT_REDIRECT] 
2025-12-14 14:00:17,272 [INFO] ApplicationProperties:184 - Using Application install path: C:\ST\STM32CubeIDE_1.19.0\STM32CubeIDE\plugins\com.st.stm32cube.common.mx_6.15.0.202507011659
2025-12-14 14:00:17,284 [INFO] DbMcusXml:78 - Set database path to: C:\ST\STM32CubeIDE_1.19.0\STM32CubeIDE\plugins\com.st.stm32cube.common.mx_6.15.0.202507011659\\db\/mcu/
2025-12-14 14:00:17,286 [INFO] ApiDb:274 - Set plugin database path to: C:\ST\STM32CubeIDE_1.19.0\STM32CubeIDE\plugins\com.st.stm32cube.common.mx_6.15.0.202507011659\\db\/plugins/boardmanager/
2025-12-14 14:00:17,286 [WARN] ApiDb:259 - Overriding images path with different value:  => C:\ST\STM32CubeIDE_1.19.0\STM32CubeIDE\plugins\com.st.stm32cube.common.mx_6.15.0.202507011659\\db\/plugins/mcufinder/images/
2025-12-14 14:00:17,290 [INFO] ApiDb:250 - Set database path to: C:\Users\MattM\.stmcufinder\plugins\mcufinder//mcu/
2025-12-14 14:00:17,290 [INFO] DbMcusAds:125 - Set database path to: C:\Users\MattM\.stmcufinder\plugins\mcufinder//mcu/
2025-12-14 14:00:17,291 [INFO] CrossReferenceDbSqlite:203 - Set database path to: C:\Users\MattM\.stmcufinder\plugins\mcufinder//mcu/cs/
2025-12-14 14:00:17,397 [INFO] RulesReader:64 - Compatibility file has been processed (317 Rules)
2025-12-14 14:00:17,483 [INFO] DbMcusXml:78 - Set database path to: C:\ST\STM32CubeIDE_1.19.0\STM32CubeIDE\plugins\com.st.stm32cube.common.mx_6.15.0.202507011659\\db\/mcu/
2025-12-14 14:00:17,483 [INFO] ApiDb:274 - Set plugin database path to: C:\ST\STM32CubeIDE_1.19.0\STM32CubeIDE\plugins\com.st.stm32cube.common.mx_6.15.0.202507011659\\db\/plugins/boardmanager/
2025-12-14 14:00:17,483 [INFO] ApiDb:261 - Set plugin images path to: C:\ST\STM32CubeIDE_1.19.0\STM32CubeIDE\plugins\com.st.stm32cube.common.mx_6.15.0.202507011659\\db\/plugins/mcufinder/images/
2025-12-14 14:00:17,484 [WARN] DbFile:41 - Overriding database path with different value: C:\Users\MattM\.stmcufinder\plugins\mcufinder/ => C:\Users\MattM\.stmcufinder\plugins\mcufinder
2025-12-14 14:00:17,484 [INFO] ApiDb:250 - Set database path to: C:\Users\MattM\.stmcufinder\plugins\mcufinder//mcu/
2025-12-14 14:00:17,484 [WARN] DbFile:41 - Overriding database path with different value: C:\Users\MattM\.stmcufinder\plugins\mcufinder/ => C:\Users\MattM\.stmcufinder\plugins\mcufinder
2025-12-14 14:00:17,484 [INFO] DbMcusAds:125 - Set database path to: C:\Users\MattM\.stmcufinder\plugins\mcufinder//mcu/
2025-12-14 14:00:17,484 [WARN] DbFile:41 - Overriding database path with different value: C:\Users\MattM\.stmcufinder\plugins\mcufinder/ => C:\Users\MattM\.stmcufinder\plugins\mcufinder
2025-12-14 14:00:17,484 [WARN] DbFile:41 - Overriding database path with different value: C:\Users\MattM\.stmcufinder\plugins\mcufinder/ => C:\Users\MattM\.stmcufinder\plugins\mcufinder
2025-12-14 14:00:17,484 [INFO] CrossReferenceDbSqlite:203 - Set database path to: C:\Users\MattM\.stmcufinder\plugins\mcufinder//mcu/cs/
2025-12-14 14:00:17,552 [INFO] MainPanel:274 - HeapMemory: 268435456
2025-12-14 14:00:17,644 [INFO] DbMcusXml:78 - Set database path to: C:\ST\STM32CubeIDE_1.19.0\STM32CubeIDE\plugins\com.st.stm32cube.common.mx_6.15.0.202507011659\\db\/mcu/
2025-12-14 14:00:17,644 [INFO] ApiDb:274 - Set plugin database path to: C:\ST\STM32CubeIDE_1.19.0\STM32CubeIDE\plugins\com.st.stm32cube.common.mx_6.15.0.202507011659\\db\/plugins/boardmanager/
2025-12-14 14:00:17,645 [INFO] ApiDb:261 - Set plugin images path to: C:\ST\STM32CubeIDE_1.19.0\STM32CubeIDE\plugins\com.st.stm32cube.common.mx_6.15.0.202507011659\\db\/plugins/mcufinder/images/
2025-12-14 14:00:17,645 [WARN] DbFile:41 - Overriding database path with different value: C:\Users\MattM\.stmcufinder\plugins\mcufinder/ => C:\Users\MattM\.stmcufinder\plugins\mcufinder
2025-12-14 14:00:17,645 [INFO] ApiDb:250 - Set database path to: C:\Users\MattM\.stmcufinder\plugins\mcufinder//mcu/
2025-12-14 14:00:17,645 [WARN] DbFile:41 - Overriding database path with different value: C:\Users\MattM\.stmcufinder\plugins\mcufinder/ => C:\Users\MattM\.stmcufinder\plugins\mcufinder
2025-12-14 14:00:17,645 [INFO] DbMcusAds:125 - Set database path to: C:\Users\MattM\.stmcufinder\plugins\mcufinder//mcu/
2025-12-14 14:00:17,645 [WARN] DbFile:41 - Overriding database path with different value: C:\Users\MattM\.stmcufinder\plugins\mcufinder/ => C:\Users\MattM\.stmcufinder\plugins\mcufinder
2025-12-14 14:00:17,645 [WARN] DbFile:41 - Overriding database path with different value: C:\Users\MattM\.stmcufinder\plugins\mcufinder/ => C:\Users\MattM\.stmcufinder\plugins\mcufinder
2025-12-14 14:00:17,645 [INFO] CrossReferenceDbSqlite:203 - Set database path to: C:\Users\MattM\.stmcufinder\plugins\mcufinder//mcu/cs/
2025-12-14 14:00:17,662 [INFO] ApplicationProperties:184 - Using Application install path: C:\ST\STM32CubeIDE_1.19.0\STM32CubeIDE\plugins\com.st.stm32cube.common.mx_6.15.0.202507011659
2025-12-14 14:00:17,664 [INFO] PluginManage:196 - Search for loadable plugins [exclusion list=, ]
2025-12-14 14:00:17,665 [INFO] PluginManage:310 - Check plugin analytics
2025-12-14 14:00:17,828 [INFO] AnalyticsPlugin:253 - Accepted Software Licenses: 
2025-12-14 14:00:17,828 [INFO] AnalyticsPlugin:255 - Accepted CMSIS Pack Licenses: 
2025-12-14 14:00:17,828 [INFO] AnalyticsPlugin:257 - Accepted Firmware Licenses: FW.F7.1.17.0
2025-12-14 14:00:17,832 [INFO] PluginManage:359 - Loaded plugin analytics (category:tool,tabindex:-1)
2025-12-14 14:00:17,833 [INFO] PluginManage:310 - Check plugin cadmodel
2025-12-14 14:00:17,836 [INFO] CADModel:105 - Init CAD model plugin
2025-12-14 14:00:17,836 [INFO] PluginManage:359 - Loaded plugin cadmodel (category:power,tabindex:5)
2025-12-14 14:00:17,837 [INFO] PluginManage:310 - Check plugin clock
2025-12-14 14:00:17,848 [INFO] PluginManage:359 - Loaded plugin clock (category:base,tabindex:2)
2025-12-14 14:00:17,848 [INFO] PluginManage:310 - Check plugin ddr
2025-12-14 14:00:17,850 [INFO] PluginManage:359 - Loaded plugin ddr (category:tool,tabindex:6)
2025-12-14 14:00:17,850 [INFO] PluginManage:310 - Check plugin filemanager
2025-12-14 14:00:18,049 [INFO] PluginManage:359 - Loaded plugin filemanager (category:base,tabindex:10)
2025-12-14 14:00:18,049 [INFO] PluginManage:310 - Check plugin ipmanager
2025-12-14 14:00:18,053 [INFO] PluginManage:359 - Loaded plugin ipmanager (category:base,tabindex:5)
2025-12-14 14:00:18,054 [INFO] PluginManage:310 - Check plugin lpbam
2025-12-14 14:00:18,069 [INFO] PluginManage:359 - Loaded plugin lpbam (category:base,tabindex:0)
2025-12-14 14:00:18,069 [INFO] PluginManage:310 - Check plugin memorymap
2025-12-14 14:00:18,080 [INFO] PluginManage:359 - Loaded plugin memorymap (category:base,tabindex:4)
2025-12-14 14:00:18,080 [INFO] PluginManage:310 - Check plugin pinoutandconfiguration
2025-12-14 14:00:18,084 [INFO] PluginManage:359 - Loaded plugin pinoutandconfiguration (category:base,tabindex:1)
2025-12-14 14:00:18,084 [INFO] PluginManage:310 - Check plugin pinoutconfig
2025-12-14 14:00:18,140 [WARN] SupportedApi:132 - Cannot load RTOS API schema: s4s-elt-must-match.1: The content of 'definitions' must match (annotation?, (simpleType | complexType)?, (unique | key | keyref)*)). A problem was found starting at: attribute.
2025-12-14 14:00:18,231 [INFO] PluginManage:359 - Loaded plugin pinoutconfig (category:base,tabindex:0)
2025-12-14 14:00:18,231 [INFO] PluginManage:310 - Check plugin power
2025-12-14 14:00:18,237 [INFO] PluginManage:359 - Loaded plugin power (category:power,tabindex:4)
2025-12-14 14:00:18,237 [INFO] PluginManage:310 - Check plugin projectmanager
2025-12-14 14:00:18,249 [INFO] PluginManage:359 - Loaded plugin projectmanager (category:projectmanager,tabindex:4)
2025-12-14 14:00:18,249 [INFO] PluginManage:310 - Check plugin rif
2025-12-14 14:00:18,261 [INFO] PluginManage:359 - Loaded plugin rif (category:base,tabindex:3)
2025-12-14 14:00:18,261 [INFO] PluginManage:310 - Check plugin thirdparty
2025-12-14 14:00:18,366 [INFO] PluginManage:359 - Loaded plugin thirdparty (category:base,tabindex:-1)
2025-12-14 14:00:18,367 [WARN] IntegrityCheckThread:84 - waiting for thirdparty lock release [integrity check]
2025-12-14 14:00:18,367 [INFO] IntegrityCheckThread:86 - entering critical section [integrity check]
2025-12-14 14:00:18,367 [INFO] PluginManage:310 - Check plugin tools
2025-12-14 14:00:18,367 [INFO] ThirdPartyUpdaterWithRetryManager:70 - Updater plugin not ready yet. [1/15]
2025-12-14 14:00:18,369 [INFO] PluginManage:359 - Loaded plugin tools (category:base,tabindex:7)
2025-12-14 14:00:18,369 [INFO] PluginManage:310 - Check plugin tutovideos
2025-12-14 14:00:18,510 [INFO] PluginManage:359 - Loaded plugin tutovideos (category:base,tabindex:-1)
2025-12-14 14:00:18,510 [INFO] PluginManage:310 - Check plugin updater
2025-12-14 14:00:18,524 [INFO] PluginManage:359 - Loaded plugin updater (category:base,tabindex:12)
2025-12-14 14:00:18,524 [INFO] PluginManage:310 - Check plugin userauth
2025-12-14 14:00:18,534 [INFO] UserAuth:118 - Init User Auth plugin
2025-12-14 14:00:18,535 [INFO] PluginManage:359 - Loaded plugin userauth (category:base,tabindex:14)
2025-12-14 14:00:18,535 [INFO] PluginManage:283 - PluginManage : Loaded plugins [18]
2025-12-14 14:00:18,721 [INFO] PinOutPanel:1589 - setPackage(No Configuration,No Configuration)
2025-12-14 14:00:18,794 [INFO] CADModel:165 - CPN selected for project level
2025-12-14 14:00:18,794 [INFO] CADModel:114 - Register for checkConnection events
2025-12-14 14:00:18,804 [INFO] IPUIPlugin:80 - create IPUIPlugin
2025-12-14 14:00:18,804 [INFO] PluginManager:220 - loadIPPluginJar : add adc
2025-12-14 14:00:18,806 [INFO] IPUIPlugin:80 - create IPUIPlugin
2025-12-14 14:00:18,806 [INFO] PluginManager:220 - loadIPPluginJar : add aes
2025-12-14 14:00:18,807 [INFO] IPUIPlugin:80 - create IPUIPlugin
2025-12-14 14:00:18,808 [INFO] PluginManager:220 - loadIPPluginJar : add can
2025-12-14 14:00:18,809 [INFO] IPUIPlugin:80 - create IPUIPlugin
2025-12-14 14:00:18,809 [INFO] PluginManager:220 - loadIPPluginJar : add comp
2025-12-14 14:00:18,810 [INFO] IPUIPlugin:80 - create IPUIPlugin
2025-12-14 14:00:18,811 [INFO] PluginManager:220 - loadIPPluginJar : add cryp
2025-12-14 14:00:18,821 [INFO] IPUIPlugin:80 - create IPUIPlugin
2025-12-14 14:00:18,821 [INFO] PluginManager:220 - loadIPPluginJar : add ddr_ctrl_phy
2025-12-14 14:00:18,823 [INFO] IPUIPlugin:80 - create IPUIPlugin
2025-12-14 14:00:18,823 [INFO] PluginManager:220 - loadIPPluginJar : add dfsdm
2025-12-14 14:00:18,826 [INFO] IPUIPlugin:80 - create IPUIPlugin
2025-12-14 14:00:18,827 [INFO] PluginManager:220 - loadIPPluginJar : add dma
2025-12-14 14:00:18,828 [INFO] IPUIPlugin:80 - create IPUIPlugin
2025-12-14 14:00:18,828 [INFO] PluginManager:220 - loadIPPluginJar : add dma3
2025-12-14 14:00:18,830 [INFO] IPUIPlugin:80 - create IPUIPlugin
2025-12-14 14:00:18,830 [INFO] PluginManager:220 - loadIPPluginJar : add extmemmanager
2025-12-14 14:00:18,831 [INFO] IPUIPlugin:80 - create IPUIPlugin
2025-12-14 14:00:18,831 [INFO] PluginManager:220 - loadIPPluginJar : add fatfs
2025-12-14 14:00:18,835 [INFO] IPUIPlugin:80 - create IPUIPlugin
2025-12-14 14:00:18,835 [INFO] PluginManager:220 - loadIPPluginJar : add fmc
2025-12-14 14:00:18,837 [INFO] IPUIPlugin:80 - create IPUIPlugin
2025-12-14 14:00:18,837 [INFO] PluginManager:220 - loadIPPluginJar : add freertos
2025-12-14 14:00:18,838 [INFO] IPUIPlugin:80 - create IPUIPlugin
2025-12-14 14:00:18,838 [INFO] PluginManager:220 - loadIPPluginJar : add genericplugin
2025-12-14 14:00:18,839 [INFO] IPUIPlugin:80 - create IPUIPlugin
2025-12-14 14:00:18,839 [INFO] PluginManager:220 - loadIPPluginJar : add gfxmmu
2025-12-14 14:00:18,842 [INFO] IPUIPlugin:80 - create IPUIPlugin
2025-12-14 14:00:18,842 [INFO] PluginManager:220 - loadIPPluginJar : add gic
2025-12-14 14:00:18,844 [INFO] IPUIPlugin:80 - create IPUIPlugin
2025-12-14 14:00:18,844 [INFO] PluginManager:220 - loadIPPluginJar : add gpio
2025-12-14 14:00:18,846 [INFO] IPUIPlugin:80 - create IPUIPlugin
2025-12-14 14:00:18,846 [INFO] PluginManager:220 - loadIPPluginJar : add gtzc
2025-12-14 14:00:18,847 [INFO] IPUIPlugin:80 - create IPUIPlugin
2025-12-14 14:00:18,847 [INFO] PluginManager:220 - loadIPPluginJar : add hash
2025-12-14 14:00:18,848 [INFO] IPUIPlugin:80 - create IPUIPlugin
2025-12-14 14:00:18,849 [INFO] PluginManager:220 - loadIPPluginJar : add i2c
2025-12-14 14:00:18,850 [INFO] IPUIPlugin:80 - create IPUIPlugin
2025-12-14 14:00:18,850 [INFO] PluginManager:220 - loadIPPluginJar : add i2s
2025-12-14 14:00:18,852 [INFO] IPUIPlugin:80 - create IPUIPlugin
2025-12-14 14:00:18,852 [INFO] PluginManager:220 - loadIPPluginJar : add i3c
2025-12-14 14:00:18,861 [INFO] IPUIPlugin:80 - create IPUIPlugin
2025-12-14 14:00:18,861 [INFO] PluginManager:220 - loadIPPluginJar : add ipddr
2025-12-14 14:00:18,867 [INFO] IPUIPlugin:80 - create IPUIPlugin
2025-12-14 14:00:18,867 [INFO] PluginManager:220 - loadIPPluginJar : add linkedlist
2025-12-14 14:00:18,869 [INFO] IPUIPlugin:80 - create IPUIPlugin
2025-12-14 14:00:18,869 [INFO] PluginManager:220 - loadIPPluginJar : add lorawan
2025-12-14 14:00:18,869 [INFO] IPUIPlugin:80 - create IPUIPlugin
2025-12-14 14:00:18,869 [INFO] PluginManager:220 - loadIPPluginJar : add ltdc
2025-12-14 14:00:18,873 [INFO] IPUIPlugin:80 - create IPUIPlugin
2025-12-14 14:00:18,873 [INFO] PluginManager:220 - loadIPPluginJar : add mdma
2025-12-14 14:00:18,874 [INFO] IPUIPlugin:80 - create IPUIPlugin
2025-12-14 14:00:18,874 [INFO] PluginManager:220 - loadIPPluginJar : add nvic
2025-12-14 14:00:18,875 [INFO] IPUIPlugin:80 - create IPUIPlugin
2025-12-14 14:00:18,875 [INFO] PluginManager:220 - loadIPPluginJar : add opamp
2025-12-14 14:00:18,878 [INFO] IPUIPlugin:80 - create IPUIPlugin
2025-12-14 14:00:18,878 [INFO] PluginManager:220 - loadIPPluginJar : add openamp
2025-12-14 14:00:18,880 [INFO] IPUIPlugin:80 - create IPUIPlugin
2025-12-14 14:00:18,880 [INFO] PluginManager:220 - loadIPPluginJar : add pdm2pcm
2025-12-14 14:00:18,884 [INFO] IPUIPlugin:80 - create IPUIPlugin
2025-12-14 14:00:18,885 [INFO] PluginManager:220 - loadIPPluginJar : add plateformsettings
2025-12-14 14:00:18,886 [INFO] IPUIPlugin:80 - create IPUIPlugin
2025-12-14 14:00:18,886 [INFO] PluginManager:220 - loadIPPluginJar : add quadspi
2025-12-14 14:00:18,887 [INFO] IPUIPlugin:80 - create IPUIPlugin
2025-12-14 14:00:18,887 [INFO] PluginManager:220 - loadIPPluginJar : add radio
2025-12-14 14:00:18,889 [INFO] IPUIPlugin:80 - create IPUIPlugin
2025-12-14 14:00:18,889 [INFO] PluginManager:220 - loadIPPluginJar : add resmgrutility
2025-12-14 14:00:18,891 [INFO] IPUIPlugin:80 - create IPUIPlugin
2025-12-14 14:00:18,891 [INFO] PluginManager:220 - loadIPPluginJar : add sai
2025-12-14 14:00:18,893 [INFO] IPUIPlugin:80 - create IPUIPlugin
2025-12-14 14:00:18,893 [INFO] PluginManager:220 - loadIPPluginJar : add spi
2025-12-14 14:00:18,896 [INFO] IPUIPlugin:80 - create IPUIPlugin
2025-12-14 14:00:18,896 [INFO] PluginManager:220 - loadIPPluginJar : add stm32_wpan
2025-12-14 14:00:18,897 [INFO] IPUIPlugin:80 - create IPUIPlugin
2025-12-14 14:00:18,898 [INFO] PluginManager:220 - loadIPPluginJar : add tim
2025-12-14 14:00:18,900 [INFO] IPUIPlugin:80 - create IPUIPlugin
2025-12-14 14:00:18,900 [INFO] PluginManager:220 - loadIPPluginJar : add touchsensing
2025-12-14 14:00:18,901 [INFO] IPUIPlugin:80 - create IPUIPlugin
2025-12-14 14:00:18,901 [INFO] PluginManager:220 - loadIPPluginJar : add tracer_emb
2025-12-14 14:00:18,902 [INFO] IPUIPlugin:80 - create IPUIPlugin
2025-12-14 14:00:18,903 [INFO] PluginManager:220 - loadIPPluginJar : add ts
2025-12-14 14:00:18,903 [INFO] IPUIPlugin:80 - create IPUIPlugin
2025-12-14 14:00:18,903 [INFO] PluginManager:220 - loadIPPluginJar : add tsc
2025-12-14 14:00:18,905 [INFO] IPUIPlugin:80 - create IPUIPlugin
2025-12-14 14:00:18,905 [INFO] PluginManager:220 - loadIPPluginJar : add ucpd
2025-12-14 14:00:18,906 [INFO] IPUIPlugin:80 - create IPUIPlugin
2025-12-14 14:00:18,907 [INFO] PluginManager:220 - loadIPPluginJar : add usart
2025-12-14 14:00:18,908 [INFO] IPUIPlugin:80 - create IPUIPlugin
2025-12-14 14:00:18,908 [INFO] PluginManager:220 - loadIPPluginJar : add usbx
2025-12-14 14:00:19,028 [FATAL] Updater:351 - Updater called before beeing initialized
2025-12-14 14:00:19,046 [INFO] RulesReader:64 - Compatibility file has been processed (317 Rules)
2025-12-14 14:00:19,057 [INFO] RulesReader:64 - Compatibility file has been processed (317 Rules)
2025-12-14 14:00:19,078 [INFO] CADModel:165 - CPN selected for project level
2025-12-14 14:00:19,078 [INFO] CADModel:114 - Register for checkConnection events
2025-12-14 14:00:19,079 [FATAL] Updater:351 - Updater called before beeing initialized
2025-12-14 14:00:19,079 [ERROR] CADModel:125 - Updater not yet initialized, retry later 
2025-12-14 14:00:19,206 [FATAL] Updater:351 - Updater called before beeing initialized
2025-12-14 14:00:19,208 [INFO] CADModel:165 - CPN selected for project level
2025-12-14 14:00:19,208 [INFO] CADModel:114 - Register for checkConnection events
2025-12-14 14:00:19,208 [FATAL] Updater:351 - Updater called before beeing initialized
2025-12-14 14:00:19,208 [ERROR] CADModel:125 - Updater not yet initialized, retry later 
2025-12-14 14:00:19,210 [FATAL] Updater:351 - Updater called before beeing initialized
2025-12-14 14:00:19,337 [FATAL] Updater:351 - Updater called before beeing initialized
2025-12-14 14:00:19,340 [INFO] DbMcusAds:53 - JSON generation date=Tue Nov 25 06:08:32 PST 2025 (1764079712835)
2025-12-14 14:00:19,340 [FATAL] Updater:351 - Updater called before beeing initialized
2025-12-14 14:00:19,367 [WARN] DetailPanel:346 - Failed to get advertising image, set to default
2025-12-14 14:00:19,430 [FATAL] Updater:351 - Updater called before beeing initialized
2025-12-14 14:00:19,432 [FATAL] Updater:351 - Updater called before beeing initialized
2025-12-14 14:00:19,432 [FATAL] Updater:351 - Updater called before beeing initialized
2025-12-14 14:00:19,433 [WARN] DetailPanel:346 - Failed to get advertising image, set to default
2025-12-14 14:00:19,433 [FATAL] Updater:351 - Updater called before beeing initialized
2025-12-14 14:00:19,476 [ERROR] Updater:1198 - MainUpdater not yet initialized. External WinMGr cannot be set.
2025-12-14 14:00:19,477 [INFO] Updater:1134 - Updater Version found : 6.15.0
2025-12-14 14:00:19,490 [INFO] ApplicationProperties:184 - Using Application install path: C:\ST\STM32CubeIDE_1.19.0\STM32CubeIDE\plugins\com.st.stm32cube.common.mx_6.15.0.202507011659
2025-12-14 14:00:21,071 [ERROR] LogOutputStream:75 - [STDERR_REDIRECT] Dec 14, 2025 2:00:21 PM java.util.prefs.WindowsPreferences <init>
2025-12-14 14:00:21,073 [ERROR] LogOutputStream:75 - [STDERR_REDIRECT] WARNING: Could not open/create prefs root node Software\JavaSoft\Prefs at root 0xffffffff80000002. Windows RegCreateKeyEx(...) returned error code 5.
2025-12-14 14:00:21,073 [ERROR] LogOutputStream:75 - [STDERR_REDIRECT] 
2025-12-14 14:00:21,368 [INFO] ThirdPartyUpdaterWithRetryManager:70 - Updater plugin not ready yet. [2/15]
2025-12-14 14:00:21,527 [INFO] MainUpdater:2872 - connection check result : 10
2025-12-14 14:00:21,529 [INFO] MainUpdater:289 - Updater Check For Update Now.
2025-12-14 14:00:21,529 [INFO] MicroXplorer:498 - Change Database Version : DB.6.0.150
2025-12-14 14:00:21,544 [INFO] McuFinderGlobals:63 - Set McuFinder mode to 2 (CubeIDE integrated)
2025-12-14 14:00:21,544 [INFO] UserAuth:487 - Internet connection configuration mode: 1
2025-12-14 14:00:21,573 [INFO] JxBrowserEngine:152 - Initiate JxBrowser Engine with user profile folder
2025-12-14 14:00:21,696 [INFO] CheckServerUpdateThread:120 - End of CheckServer Thread
2025-12-14 14:00:22,094 [INFO] WebApp:169 - Instantiating new browser for Auth
2025-12-14 14:00:22,606 [INFO] WebApp:463 - Apply proxy settings
2025-12-14 14:00:22,607 [INFO] WebApp:548 - Chromium requires no authentication
2025-12-14 14:00:22,612 [INFO] WebApp:491 - Direct internet connection detected
2025-12-14 14:00:22,627 [INFO] WebApp:900 - Register for checkConnection events
2025-12-14 14:00:22,627 [INFO] WebApp:463 - Apply proxy settings
2025-12-14 14:00:22,628 [INFO] WebApp:548 - Chromium requires no authentication
2025-12-14 14:00:22,628 [INFO] WebApp:491 - Direct internet connection detected
2025-12-14 14:00:22,732 [INFO] WebApp:225 - Starting web application
2025-12-14 14:00:22,733 [INFO] WebApp:593 - Web application path used C:\ST\STM32CubeIDE_1.19.0\STM32CubeIDE\plugins\com.st.stm32cube.common.mx_6.15.0.202507011659\db\plugins\mcufinder\reactClient1\index.html
2025-12-14 14:00:22,809 [INFO] UserAuth:487 - Internet connection configuration mode: 1
2025-12-14 14:00:23,164 [INFO] WebApp:191 - Connection restablished
2025-12-14 14:00:24,575 [WARN] PackLoader:240 - Cannot read IP mode file for STMicroelectronics.FP-SNS-MOTENVWB1.1.4.0
2025-12-14 14:00:24,586 [WARN] PackLoader:240 - Cannot read IP mode file for STMicroelectronics.FP-ATR-ASTRA1.2.0.2
2025-12-14 14:00:24,592 [WARN] PackLoader:240 - Cannot read IP mode file for STMicroelectronics.X-CUBE-SMBUS.2.1.0
2025-12-14 14:00:24,600 [WARN] PackLoader:240 - Cannot read IP mode file for STMicroelectronics.X-CUBE-ST60.1.0.0
2025-12-14 14:00:24,636 [WARN] PackLoader:240 - Cannot read IP mode file for STMicroelectronics.X-CUBE-AZRTOS-F7.1.1.0
2025-12-14 14:00:24,646 [WARN] PackLoader:240 - Cannot read IP mode file for STMicroelectronics.FP-SNS-MOTENV1.5.1.0
2025-12-14 14:00:24,684 [WARN] PackLoader:240 - Cannot read IP mode file for Infineon.AIROC-Wi-Fi-Bluetooth-STM32.1.7.1
2025-12-14 14:00:24,713 [WARN] PackLoader:240 - Cannot read IP mode file for STMicroelectronics.X-CUBE-AZRTOS-H7.3.4.0
2025-12-14 14:00:24,725 [WARN] PackLoader:240 - Cannot read IP mode file for STMicroelectronics.X-CUBE-DISPLAY.3.0.0
2025-12-14 14:00:24,741 [WARN] PackLoader:240 - Cannot read IP mode file for STMicroelectronics.X-CUBE-NFC10.1.0.0
2025-12-14 14:00:24,754 [WARN] PackLoader:240 - Cannot read IP mode file for STMicroelectronics.X-CUBE-ST60.1.1.0
2025-12-14 14:00:24,758 [WARN] PackLoader:240 - Cannot read IP mode file for emotas.I-CUBE-CANOPEN.1.3.0
2025-12-14 14:00:24,777 [WARN] PackLoader:240 - Cannot read IP mode file for STMicroelectronics.X-CUBE-GNSS1.7.1.0
2025-12-14 14:00:24,789 [WARN] PackLoader:240 - Cannot read IP mode file for STMicroelectronics.FP-SNS-STBOX1.2.1.0
2025-12-14 14:00:24,795 [WARN] PackLoader:240 - Cannot read IP mode file for STMicroelectronics.FP-SNS-SMARTAG2.1.2.0
2025-12-14 14:00:24,803 [WARN] PackLoader:240 - Cannot read IP mode file for STMicroelectronics.FP-SNS-FLIGHT1.5.1.0
2025-12-14 14:00:24,809 [INFO] LogOutputStream:77 - [STDOUT_REDIRECT] 1 : Invalid condition id : UX_CORESTACK_Condition cause : null
2025-12-14 14:00:24,810 [INFO] LogOutputStream:77 - [STDOUT_REDIRECT] 1 : Invalid condition id : UX_CORESTACK_Condition cause : null
2025-12-14 14:00:24,811 [INFO] LogOutputStream:77 - [STDOUT_REDIRECT] 1 : Invalid condition id : UX_CORESTACK_Condition cause : null
2025-12-14 14:00:24,812 [INFO] LogOutputStream:77 - [STDOUT_REDIRECT] 1 : Invalid condition id : UX_CORESTACK_Condition cause : null
2025-12-14 14:00:24,812 [INFO] LogOutputStream:77 - [STDOUT_REDIRECT] 1 : Invalid condition id : UX_CORESTACK_Condition cause : null
2025-12-14 14:00:24,816 [WARN] PackLoader:240 - Cannot read IP mode file for STMicroelectronics.X-CUBE-AZRTOS-WL.2.0.0
2025-12-14 14:00:24,821 [WARN] PackLoader:240 - Cannot read IP mode file for STMicroelectronics.FP-SNS-MOTENV1.5.0.0
2025-12-14 14:00:24,836 [WARN] PackLoader:240 - Cannot read IP mode file for STMicroelectronics.X-CUBE-AZRTOS-H7RS.1.2.0
2025-12-14 14:00:24,843 [WARN] PackLoader:240 - Cannot read IP mode file for WES.I-CUBE-Cesium.1.3.0
2025-12-14 14:00:24,851 [WARN] PackLoader:240 - Cannot read IP mode file for STMicroelectronics.X-CUBE-BLE2.3.3.0
2025-12-14 14:00:24,873 [WARN] PackLoader:240 - Cannot read IP mode file for STMicroelectronics.X-CUBE-NFC9.1.0.0
2025-12-14 14:00:24,877 [WARN] PackLoader:240 - Cannot read IP mode file for wolfSSL.I-CUBE-wolfSSL.5.8.2
2025-12-14 14:00:24,885 [WARN] PackLoader:240 - Cannot read IP mode file for STMicroelectronics.X-CUBE-BLE1.7.1.0
2025-12-14 14:00:24,888 [WARN] PackLoader:240 - Cannot read IP mode file for wolfSSL.I-CUBE-wolfMQTT.1.19.2
2025-12-14 14:00:24,892 [WARN] PackLoader:240 - Cannot read IP mode file for STMicroelectronics.X-CUBE-FREERTOS.1.4.0
2025-12-14 14:00:24,901 [WARN] PackLoader:240 - Cannot read IP mode file for STMicroelectronics.X-CUBE-EEPRMA1.5.2.0
2025-12-14 14:00:24,906 [WARN] PackLoader:240 - Cannot read IP mode file for STMicroelectronics.X-CUBE-ST67W61.1.1.0
2025-12-14 14:00:24,910 [WARN] PackLoader:240 - Cannot read IP mode file for STMicroelectronics.X-CUBE-AI.10.1.0
2025-12-14 14:00:24,942 [WARN] PackLoader:240 - Cannot read IP mode file for STMicroelectronics.X-CUBE-MEMS1.12.0.0
2025-12-14 14:00:25,032 [WARN] PackLoader:240 - Cannot read IP mode file for STMicroelectronics.X-CUBE-AZRTOS-G0.1.1.0
2025-12-14 14:00:25,043 [WARN] PackLoader:240 - Cannot read IP mode file for STMicroelectronics.X-CUBE-SAFEA1.1.2.2
2025-12-14 14:00:25,052 [WARN] PackLoader:240 - Cannot read IP mode file for STMicroelectronics.X-CUBE-NFC4.3.0.0
2025-12-14 14:00:25,060 [WARN] PackLoader:240 - Cannot read IP mode file for EmbeddedOffice.I-CUBE-FS-RTOS.1.0.1
2025-12-14 14:00:25,097 [WARN] PackLoader:240 - Cannot read IP mode file for STMicroelectronics.X-CUBE-WB05N.2.0.0
2025-12-14 14:00:25,110 [WARN] PackLoader:240 - Cannot read IP mode file for wolfSSL.I-CUBE-wolfTPM.3.8.0
2025-12-14 14:00:25,121 [WARN] PackLoader:240 - Cannot read IP mode file for STMicroelectronics.X-CUBE-TCPP.4.2.0
2025-12-14 14:00:25,133 [WARN] PackLoader:240 - Cannot read IP mode file for RealThread.X-CUBE-RT-Thread_Nano.4.1.1
2025-12-14 14:00:25,140 [WARN] PackLoader:240 - Cannot read IP mode file for STMicroelectronics.FP-ATR-SIGFOX1.3.2.0
2025-12-14 14:00:25,147 [WARN] PackLoader:240 - Cannot read IP mode file for ITTIA_DB.I-CUBE-ITTIADB.8.9.0
2025-12-14 14:00:25,158 [WARN] PackLoader:240 - Cannot read IP mode file for STMicroelectronics.X-CUBE-ST67W61.1.0.0
2025-12-14 14:00:25,162 [WARN] PackLoader:240 - Cannot read IP mode file for STMicroelectronics.X-CUBE-AI.10.2.0
2025-12-14 14:00:25,185 [WARN] PackLoader:240 - Cannot read IP mode file for SEGGER.I-CUBE-embOS.1.3.1
2025-12-14 14:00:25,218 [WARN] PackLoader:240 - Cannot read IP mode file for STMicroelectronics.X-CUBE-ALGOBUILD.1.4.0
2025-12-14 14:00:25,259 [WARN] PackLoader:240 - Cannot read IP mode file for STMicroelectronics.X-CUBE-MEMS1.11.3.0
2025-12-14 14:00:25,353 [WARN] PackLoader:240 - Cannot read IP mode file for STMicroelectronics.X-CUBE-PM33A1.1.0.0
2025-12-14 14:00:25,368 [WARN] PackLoader:240 - Cannot read IP mode file for STMicroelectronics.X-CUBE-AZRTOS-F4.1.1.0
2025-12-14 14:00:25,384 [WARN] PackLoader:240 - Cannot read IP mode file for Avnet-IotConnect.X-CUBE-IoTC-DA16k-PMOD.1.0.0
2025-12-14 14:00:25,388 [WARN] PackLoader:240 - Cannot read IP mode file for STMicroelectronics.X-CUBE-ISPU.2.1.0
2025-12-14 14:00:25,401 [WARN] PackLoader:240 - Cannot read IP mode file for STMicroelectronics.X-CUBE-IPS.3.2.0
2025-12-14 14:00:25,413 [WARN] PackLoader:240 - Cannot read IP mode file for STMicroelectronics.X-CUBE-NFC12.1.0.0
2025-12-14 14:00:25,437 [WARN] PackLoader:240 - Cannot read IP mode file for STMicroelectronics.X-CUBE-AZRTOS-L5.2.0.0
2025-12-14 14:00:25,445 [WARN] PackLoader:240 - Cannot read IP mode file for STMicroelectronics.X-CUBE-NFC6.3.1.0
2025-12-14 14:00:25,454 [WARN] PackLoader:240 - Cannot read IP mode file for STMicroelectronics.X-CUBE-FREERTOS.1.3.1
2025-12-14 14:00:25,463 [WARN] PackLoader:240 - Cannot read IP mode file for STMicroelectronics.X-CUBE-TOUCHGFX.4.26.0
2025-12-14 14:00:25,472 [WARN] PackLoader:240 - Cannot read IP mode file for STMicroelectronics.FP-SNS-STAIOTCFT.1.0.0
2025-12-14 14:00:25,479 [WARN] PackLoader:240 - Cannot read IP mode file for STMicroelectronics.X-CUBE-DPower.1.3.0
2025-12-14 14:00:25,493 [WARN] ConditionMgr:438 - getConditionDescription Invalid condition id : LAN8742 Phy interface Condition cause : null
2025-12-14 14:00:25,493 [WARN] PackLoader:240 - Cannot read IP mode file for STMicroelectronics.X-CUBE-AZRTOS-L4.2.0.0
2025-12-14 14:00:25,494 [WARN] ConditionMgr:1044 - genDependencies : Invalid condition id : LAN8742 Phy interface Condition cause : null
2025-12-14 14:00:25,494 [WARN] ConditionMgr:1044 - genDependencies : Invalid condition id : LAN8742 Phy interface Condition cause : null
2025-12-14 14:00:25,496 [WARN] ConditionMgr:1044 - genDependencies : Invalid condition id : LAN8742 Phy interface Condition cause : null
2025-12-14 14:00:25,505 [WARN] PackLoader:240 - Cannot read IP mode file for STMicroelectronics.X-CUBE-SFXS2LP1.4.0.0
2025-12-14 14:00:25,515 [WARN] PackLoader:240 - Cannot read IP mode file for STMicroelectronics.X-CUBE-BLEMGR.4.1.0
2025-12-14 14:00:25,537 [WARN] ConditionMgr:438 - getConditionDescription Invalid condition id : UX DEVICE CLASS RTOS Condition cause : null
2025-12-14 14:00:25,537 [WARN] ConditionMgr:438 - getConditionDescription Invalid condition id : UX DEVICE CLASS RTOS Condition cause : null
2025-12-14 14:00:25,538 [WARN] PackLoader:240 - Cannot read IP mode file for STMicroelectronics.X-CUBE-AZRTOS-WB.2.0.0
2025-12-14 14:00:25,538 [WARN] ConditionMgr:1044 - genDependencies : Invalid condition id : UX DEVICE CLASS RTOS Condition cause : null
2025-12-14 14:00:25,538 [WARN] ConditionMgr:1044 - genDependencies : Invalid condition id : UX DEVICE CLASS RTOS Condition cause : null
2025-12-14 14:00:25,539 [WARN] ConditionMgr:1044 - genDependencies : Invalid condition id : UX DEVICE CLASS RTOS Condition cause : null
2025-12-14 14:00:25,539 [WARN] ConditionMgr:1044 - genDependencies : Invalid condition id : UX DEVICE CLASS RTOS Condition cause : null
2025-12-14 14:00:25,539 [WARN] ConditionMgr:1044 - genDependencies : Invalid condition id : UX DEVICE CLASS RTOS Condition cause : null
2025-12-14 14:00:25,543 [WARN] PackLoader:240 - Cannot read IP mode file for STMicroelectronics.X-CUBE-GNSS1.7.0.1
2025-12-14 14:00:25,552 [WARN] PackLoader:240 - Cannot read IP mode file for STMicroelectronics.X-CUBE-TOUCHGFX.4.25.0
2025-12-14 14:00:25,567 [WARN] ConditionMgr:438 - getConditionDescription Invalid condition id : Cortex-A Device cause : null
2025-12-14 14:00:25,600 [WARN] ConditionMgr:1044 - genDependencies : Invalid condition id : Cortex-A Device cause : null
2025-12-14 14:00:25,600 [WARN] ConditionMgr:1044 - genDependencies : Invalid condition id : Cortex-A Device cause : null
2025-12-14 14:00:25,601 [WARN] ConditionMgr:1044 - genDependencies : Invalid condition id : Cortex-A Device cause : null
2025-12-14 14:00:25,627 [WARN] PackLoader:240 - Cannot read IP mode file for STMicroelectronics.X-CUBE-SUBG2.5.0.0
2025-12-14 14:00:25,652 [WARN] PackLoader:240 - Cannot read IP mode file for STMicroelectronics.X-CUBE-AZRTOS-H7RS.1.1.0
2025-12-14 14:00:25,658 [WARN] PackLoader:240 - Cannot read IP mode file for Cesanta.I-CUBE-Mongoose.7.13.0
2025-12-14 14:00:25,666 [WARN] PackLoader:240 - Cannot read IP mode file for STMicroelectronics.X-CUBE-AZRTOS-G4.2.0.0
2025-12-14 14:00:25,672 [WARN] PackLoader:240 - Cannot read IP mode file for wolfSSL.I-CUBE-wolfSSH.1.4.20
2025-12-14 14:00:25,677 [WARN] PackLoader:240 - Cannot read IP mode file for STMicroelectronics.X-CUBE-NFC7.2.0.0
2025-12-14 14:00:25,686 [WARN] PackLoader:240 - Cannot read IP mode file for STMicroelectronics.X-CUBE-IPS.3.1.0
2025-12-14 14:00:25,692 [WARN] PackLoader:240 - Cannot read IP mode file for STMicroelectronics.X-CUBE-ALS.1.0.2
2025-12-14 14:00:25,701 [WARN] PackLoader:240 - Cannot read IP mode file for STMicroelectronics.X-CUBE-STSE01.1.0.0
2025-12-14 14:00:25,714 [WARN] PackLoader:240 - Cannot read IP mode file for portGmbH.I-Cube-SoM-uGOAL.1.1.0
2025-12-14 14:00:25,722 [WARN] PackLoader:240 - Cannot read IP mode file for STMicroelectronics.X-CUBE-TOF1.3.4.3
2025-12-14 14:00:25,726 [INFO] ThirdParty:978 - Integrity check success = true
2025-12-14 14:00:25,727 [INFO] IntegrityCheckThread:100 - exiting critical section [integrity check]
2025-12-14 14:00:25,727 [INFO] IntegrityCheckThread:103 - End integrity checks thread
2025-12-14 14:01:34,326 [ERROR] LogOutputStream:75 - [STDERR_REDIRECT] 
2025-12-14 14:01:57,566 [INFO] Activator:176 - 


2025-12-14 14:01:57,567 [INFO] Activator:177 - !SESSION log4j initialized
2025-12-14 14:02:00,002 [INFO] LogOutputStream:77 - [STDOUT_REDIRECT] 
2025-12-14 14:02:01,400 [INFO] ApplicationProperties:184 - Using Application install path: C:\ST\STM32CubeIDE_1.19.0\STM32CubeIDE\plugins\com.st.stm32cube.common.mx_6.15.0.202507011659
2025-12-14 14:02:01,412 [INFO] DbMcusXml:78 - Set database path to: C:\ST\STM32CubeIDE_1.19.0\STM32CubeIDE\plugins\com.st.stm32cube.common.mx_6.15.0.202507011659\\db\/mcu/
2025-12-14 14:02:01,412 [INFO] ApiDb:274 - Set plugin database path to: C:\ST\STM32CubeIDE_1.19.0\STM32CubeIDE\plugins\com.st.stm32cube.common.mx_6.15.0.202507011659\\db\/plugins/boardmanager/
2025-12-14 14:02:01,412 [WARN] ApiDb:259 - Overriding images path with different value:  => C:\ST\STM32CubeIDE_1.19.0\STM32CubeIDE\plugins\com.st.stm32cube.common.mx_6.15.0.202507011659\\db\/plugins/mcufinder/images/
2025-12-14 14:02:01,416 [INFO] ApiDb:250 - Set database path to: C:\Users\MattM\.stmcufinder\plugins\mcufinder//mcu/
2025-12-14 14:02:01,416 [INFO] DbMcusAds:125 - Set database path to: C:\Users\MattM\.stmcufinder\plugins\mcufinder//mcu/
2025-12-14 14:02:01,417 [INFO] CrossReferenceDbSqlite:203 - Set database path to: C:\Users\MattM\.stmcufinder\plugins\mcufinder//mcu/cs/
2025-12-14 14:02:01,499 [INFO] RulesReader:64 - Compatibility file has been processed (317 Rules)
2025-12-14 14:02:01,563 [INFO] DbMcusXml:78 - Set database path to: C:\ST\STM32CubeIDE_1.19.0\STM32CubeIDE\plugins\com.st.stm32cube.common.mx_6.15.0.202507011659\\db\/mcu/
2025-12-14 14:02:01,564 [INFO] ApiDb:274 - Set plugin database path to: C:\ST\STM32CubeIDE_1.19.0\STM32CubeIDE\plugins\com.st.stm32cube.common.mx_6.15.0.202507011659\\db\/plugins/boardmanager/
2025-12-14 14:02:01,564 [INFO] ApiDb:261 - Set plugin images path to: C:\ST\STM32CubeIDE_1.19.0\STM32CubeIDE\plugins\com.st.stm32cube.common.mx_6.15.0.202507011659\\db\/plugins/mcufinder/images/
2025-12-14 14:02:01,564 [WARN] DbFile:41 - Overriding database path with different value: C:\Users\MattM\.stmcufinder\plugins\mcufinder/ => C:\Users\MattM\.stmcufinder\plugins\mcufinder
2025-12-14 14:02:01,564 [INFO] ApiDb:250 - Set database path to: C:\Users\MattM\.stmcufinder\plugins\mcufinder//mcu/
2025-12-14 14:02:01,564 [WARN] DbFile:41 - Overriding database path with different value: C:\Users\MattM\.stmcufinder\plugins\mcufinder/ => C:\Users\MattM\.stmcufinder\plugins\mcufinder
2025-12-14 14:02:01,565 [INFO] DbMcusAds:125 - Set database path to: C:\Users\MattM\.stmcufinder\plugins\mcufinder//mcu/
2025-12-14 14:02:01,565 [WARN] DbFile:41 - Overriding database path with different value: C:\Users\MattM\.stmcufinder\plugins\mcufinder/ => C:\Users\MattM\.stmcufinder\plugins\mcufinder
2025-12-14 14:02:01,565 [WARN] DbFile:41 - Overriding database path with different value: C:\Users\MattM\.stmcufinder\plugins\mcufinder/ => C:\Users\MattM\.stmcufinder\plugins\mcufinder
2025-12-14 14:02:01,565 [INFO] CrossReferenceDbSqlite:203 - Set database path to: C:\Users\MattM\.stmcufinder\plugins\mcufinder//mcu/cs/
2025-12-14 14:02:01,633 [INFO] MainPanel:274 - HeapMemory: 268435456
2025-12-14 14:02:01,731 [INFO] DbMcusXml:78 - Set database path to: C:\ST\STM32CubeIDE_1.19.0\STM32CubeIDE\plugins\com.st.stm32cube.common.mx_6.15.0.202507011659\\db\/mcu/
2025-12-14 14:02:01,731 [INFO] ApiDb:274 - Set plugin database path to: C:\ST\STM32CubeIDE_1.19.0\STM32CubeIDE\plugins\com.st.stm32cube.common.mx_6.15.0.202507011659\\db\/plugins/boardmanager/
2025-12-14 14:02:01,731 [INFO] ApiDb:261 - Set plugin images path to: C:\ST\STM32CubeIDE_1.19.0\STM32CubeIDE\plugins\com.st.stm32cube.common.mx_6.15.0.202507011659\\db\/plugins/mcufinder/images/
2025-12-14 14:02:01,732 [WARN] DbFile:41 - Overriding database path with different value: C:\Users\MattM\.stmcufinder\plugins\mcufinder/ => C:\Users\MattM\.stmcufinder\plugins\mcufinder
2025-12-14 14:02:01,732 [INFO] ApiDb:250 - Set database path to: C:\Users\MattM\.stmcufinder\plugins\mcufinder//mcu/
2025-12-14 14:02:01,732 [WARN] DbFile:41 - Overriding database path with different value: C:\Users\MattM\.stmcufinder\plugins\mcufinder/ => C:\Users\MattM\.stmcufinder\plugins\mcufinder
2025-12-14 14:02:01,732 [INFO] DbMcusAds:125 - Set database path to: C:\Users\MattM\.stmcufinder\plugins\mcufinder//mcu/
2025-12-14 14:02:01,732 [WARN] DbFile:41 - Overriding database path with different value: C:\Users\MattM\.stmcufinder\plugins\mcufinder/ => C:\Users\MattM\.stmcufinder\plugins\mcufinder
2025-12-14 14:02:01,732 [WARN] DbFile:41 - Overriding database path with different value: C:\Users\MattM\.stmcufinder\plugins\mcufinder/ => C:\Users\MattM\.stmcufinder\plugins\mcufinder
2025-12-14 14:02:01,732 [INFO] CrossReferenceDbSqlite:203 - Set database path to: C:\Users\MattM\.stmcufinder\plugins\mcufinder//mcu/cs/
2025-12-14 14:02:01,748 [INFO] ApplicationProperties:184 - Using Application install path: C:\ST\STM32CubeIDE_1.19.0\STM32CubeIDE\plugins\com.st.stm32cube.common.mx_6.15.0.202507011659
2025-12-14 14:02:01,749 [INFO] PluginManage:196 - Search for loadable plugins [exclusion list=, ]
2025-12-14 14:02:01,750 [INFO] PluginManage:310 - Check plugin analytics
2025-12-14 14:02:01,878 [INFO] AnalyticsPlugin:253 - Accepted Software Licenses: 
2025-12-14 14:02:01,878 [INFO] AnalyticsPlugin:255 - Accepted CMSIS Pack Licenses: 
2025-12-14 14:02:01,878 [INFO] AnalyticsPlugin:257 - Accepted Firmware Licenses: FW.F7.1.17.0
2025-12-14 14:02:01,882 [INFO] PluginManage:359 - Loaded plugin analytics (category:tool,tabindex:-1)
2025-12-14 14:02:01,882 [INFO] PluginManage:310 - Check plugin cadmodel
2025-12-14 14:02:01,889 [INFO] CADModel:105 - Init CAD model plugin
2025-12-14 14:02:01,889 [INFO] PluginManage:359 - Loaded plugin cadmodel (category:power,tabindex:5)
2025-12-14 14:02:01,889 [INFO] PluginManage:310 - Check plugin clock
2025-12-14 14:02:01,897 [INFO] PluginManage:359 - Loaded plugin clock (category:base,tabindex:2)
2025-12-14 14:02:01,897 [INFO] PluginManage:310 - Check plugin ddr
2025-12-14 14:02:01,899 [INFO] PluginManage:359 - Loaded plugin ddr (category:tool,tabindex:6)
2025-12-14 14:02:01,899 [INFO] PluginManage:310 - Check plugin filemanager
2025-12-14 14:02:02,048 [INFO] PluginManage:359 - Loaded plugin filemanager (category:base,tabindex:10)
2025-12-14 14:02:02,048 [INFO] PluginManage:310 - Check plugin ipmanager
2025-12-14 14:02:02,053 [INFO] PluginManage:359 - Loaded plugin ipmanager (category:base,tabindex:5)
2025-12-14 14:02:02,053 [INFO] PluginManage:310 - Check plugin lpbam
2025-12-14 14:02:02,059 [INFO] PluginManage:359 - Loaded plugin lpbam (category:base,tabindex:0)
2025-12-14 14:02:02,059 [INFO] PluginManage:310 - Check plugin memorymap
2025-12-14 14:02:02,089 [INFO] PluginManage:359 - Loaded plugin memorymap (category:base,tabindex:4)
2025-12-14 14:02:02,089 [INFO] PluginManage:310 - Check plugin pinoutandconfiguration
2025-12-14 14:02:02,112 [INFO] PluginManage:359 - Loaded plugin pinoutandconfiguration (category:base,tabindex:1)
2025-12-14 14:02:02,112 [INFO] PluginManage:310 - Check plugin pinoutconfig
2025-12-14 14:02:02,230 [WARN] SupportedApi:132 - Cannot load RTOS API schema: s4s-elt-must-match.1: The content of 'definitions' must match (annotation?, (simpleType | complexType)?, (unique | key | keyref)*)). A problem was found starting at: attribute.
2025-12-14 14:02:02,349 [INFO] PluginManage:359 - Loaded plugin pinoutconfig (category:base,tabindex:0)
2025-12-14 14:02:02,349 [INFO] PluginManage:310 - Check plugin power
2025-12-14 14:02:02,355 [INFO] PluginManage:359 - Loaded plugin power (category:power,tabindex:4)
2025-12-14 14:02:02,356 [INFO] PluginManage:310 - Check plugin projectmanager
2025-12-14 14:02:02,369 [INFO] PluginManage:359 - Loaded plugin projectmanager (category:projectmanager,tabindex:4)
2025-12-14 14:02:02,369 [INFO] PluginManage:310 - Check plugin rif
2025-12-14 14:02:02,381 [INFO] PluginManage:359 - Loaded plugin rif (category:base,tabindex:3)
2025-12-14 14:02:02,381 [INFO] PluginManage:310 - Check plugin thirdparty
2025-12-14 14:02:02,485 [WARN] IntegrityCheckThread:84 - waiting for thirdparty lock release [integrity check]
2025-12-14 14:02:02,485 [INFO] IntegrityCheckThread:86 - entering critical section [integrity check]
2025-12-14 14:02:02,485 [INFO] PluginManage:359 - Loaded plugin thirdparty (category:base,tabindex:-1)
2025-12-14 14:02:02,485 [INFO] PluginManage:310 - Check plugin tools
2025-12-14 14:02:02,485 [INFO] ThirdPartyUpdaterWithRetryManager:70 - Updater plugin not ready yet. [1/15]
2025-12-14 14:02:02,488 [INFO] PluginManage:359 - Loaded plugin tools (category:base,tabindex:7)
2025-12-14 14:02:02,488 [INFO] PluginManage:310 - Check plugin tutovideos
2025-12-14 14:02:02,634 [INFO] PluginManage:359 - Loaded plugin tutovideos (category:base,tabindex:-1)
2025-12-14 14:02:02,635 [INFO] PluginManage:310 - Check plugin updater
2025-12-14 14:02:02,652 [INFO] PluginManage:359 - Loaded plugin updater (category:base,tabindex:12)
2025-12-14 14:02:02,652 [INFO] PluginManage:310 - Check plugin userauth
2025-12-14 14:02:02,655 [INFO] UserAuth:118 - Init User Auth plugin
2025-12-14 14:02:02,656 [INFO] PluginManage:359 - Loaded plugin userauth (category:base,tabindex:14)
2025-12-14 14:02:02,656 [INFO] PluginManage:283 - PluginManage : Loaded plugins [18]
2025-12-14 14:02:02,810 [INFO] PinOutPanel:1589 - setPackage(No Configuration,No Configuration)
2025-12-14 14:02:02,877 [INFO] CADModel:165 - CPN selected for project level
2025-12-14 14:02:02,877 [INFO] CADModel:114 - Register for checkConnection events
2025-12-14 14:02:02,888 [INFO] IPUIPlugin:80 - create IPUIPlugin
2025-12-14 14:02:02,888 [INFO] PluginManager:220 - loadIPPluginJar : add adc
2025-12-14 14:02:02,890 [INFO] IPUIPlugin:80 - create IPUIPlugin
2025-12-14 14:02:02,890 [INFO] PluginManager:220 - loadIPPluginJar : add aes
2025-12-14 14:02:02,892 [INFO] IPUIPlugin:80 - create IPUIPlugin
2025-12-14 14:02:02,892 [INFO] PluginManager:220 - loadIPPluginJar : add can
2025-12-14 14:02:02,893 [INFO] IPUIPlugin:80 - create IPUIPlugin
2025-12-14 14:02:02,893 [INFO] PluginManager:220 - loadIPPluginJar : add comp
2025-12-14 14:02:02,894 [INFO] IPUIPlugin:80 - create IPUIPlugin
2025-12-14 14:02:02,894 [INFO] PluginManager:220 - loadIPPluginJar : add cryp
2025-12-14 14:02:02,896 [INFO] IPUIPlugin:80 - create IPUIPlugin
2025-12-14 14:02:02,896 [INFO] PluginManager:220 - loadIPPluginJar : add ddr_ctrl_phy
2025-12-14 14:02:02,898 [INFO] IPUIPlugin:80 - create IPUIPlugin
2025-12-14 14:02:02,898 [INFO] PluginManager:220 - loadIPPluginJar : add dfsdm
2025-12-14 14:02:02,901 [INFO] IPUIPlugin:80 - create IPUIPlugin
2025-12-14 14:02:02,901 [INFO] PluginManager:220 - loadIPPluginJar : add dma
2025-12-14 14:02:02,903 [INFO] IPUIPlugin:80 - create IPUIPlugin
2025-12-14 14:02:02,903 [INFO] PluginManager:220 - loadIPPluginJar : add dma3
2025-12-14 14:02:02,905 [INFO] IPUIPlugin:80 - create IPUIPlugin
2025-12-14 14:02:02,905 [INFO] PluginManager:220 - loadIPPluginJar : add extmemmanager
2025-12-14 14:02:02,906 [INFO] IPUIPlugin:80 - create IPUIPlugin
2025-12-14 14:02:02,906 [INFO] PluginManager:220 - loadIPPluginJar : add fatfs
2025-12-14 14:02:02,908 [INFO] IPUIPlugin:80 - create IPUIPlugin
2025-12-14 14:02:02,908 [INFO] PluginManager:220 - loadIPPluginJar : add fmc
2025-12-14 14:02:02,911 [INFO] IPUIPlugin:80 - create IPUIPlugin
2025-12-14 14:02:02,911 [INFO] PluginManager:220 - loadIPPluginJar : add freertos
2025-12-14 14:02:02,912 [INFO] IPUIPlugin:80 - create IPUIPlugin
2025-12-14 14:02:02,912 [INFO] PluginManager:220 - loadIPPluginJar : add genericplugin
2025-12-14 14:02:02,914 [INFO] IPUIPlugin:80 - create IPUIPlugin
2025-12-14 14:02:02,914 [INFO] PluginManager:220 - loadIPPluginJar : add gfxmmu
2025-12-14 14:02:02,916 [INFO] IPUIPlugin:80 - create IPUIPlugin
2025-12-14 14:02:02,916 [INFO] PluginManager:220 - loadIPPluginJar : add gic
2025-12-14 14:02:02,920 [INFO] IPUIPlugin:80 - create IPUIPlugin
2025-12-14 14:02:02,920 [INFO] PluginManager:220 - loadIPPluginJar : add gpio
2025-12-14 14:02:02,922 [INFO] IPUIPlugin:80 - create IPUIPlugin
2025-12-14 14:02:02,922 [INFO] PluginManager:220 - loadIPPluginJar : add gtzc
2025-12-14 14:02:02,923 [INFO] IPUIPlugin:80 - create IPUIPlugin
2025-12-14 14:02:02,923 [INFO] PluginManager:220 - loadIPPluginJar : add hash
2025-12-14 14:02:02,924 [INFO] IPUIPlugin:80 - create IPUIPlugin
2025-12-14 14:02:02,924 [INFO] PluginManager:220 - loadIPPluginJar : add i2c
2025-12-14 14:02:02,926 [INFO] IPUIPlugin:80 - create IPUIPlugin
2025-12-14 14:02:02,926 [INFO] PluginManager:220 - loadIPPluginJar : add i2s
2025-12-14 14:02:02,928 [INFO] IPUIPlugin:80 - create IPUIPlugin
2025-12-14 14:02:02,928 [INFO] PluginManager:220 - loadIPPluginJar : add i3c
2025-12-14 14:02:02,930 [INFO] IPUIPlugin:80 - create IPUIPlugin
2025-12-14 14:02:02,931 [INFO] PluginManager:220 - loadIPPluginJar : add ipddr
2025-12-14 14:02:02,935 [INFO] IPUIPlugin:80 - create IPUIPlugin
2025-12-14 14:02:02,935 [INFO] PluginManager:220 - loadIPPluginJar : add linkedlist
2025-12-14 14:02:02,937 [INFO] IPUIPlugin:80 - create IPUIPlugin
2025-12-14 14:02:02,937 [INFO] PluginManager:220 - loadIPPluginJar : add lorawan
2025-12-14 14:02:02,938 [INFO] IPUIPlugin:80 - create IPUIPlugin
2025-12-14 14:02:02,938 [INFO] PluginManager:220 - loadIPPluginJar : add ltdc
2025-12-14 14:02:02,943 [INFO] IPUIPlugin:80 - create IPUIPlugin
2025-12-14 14:02:02,944 [INFO] PluginManager:220 - loadIPPluginJar : add mdma
2025-12-14 14:02:02,946 [INFO] IPUIPlugin:80 - create IPUIPlugin
2025-12-14 14:02:02,946 [INFO] PluginManager:220 - loadIPPluginJar : add nvic
2025-12-14 14:02:02,948 [INFO] IPUIPlugin:80 - create IPUIPlugin
2025-12-14 14:02:02,948 [INFO] PluginManager:220 - loadIPPluginJar : add opamp
2025-12-14 14:02:02,950 [INFO] IPUIPlugin:80 - create IPUIPlugin
2025-12-14 14:02:02,950 [INFO] PluginManager:220 - loadIPPluginJar : add openamp
2025-12-14 14:02:02,951 [INFO] IPUIPlugin:80 - create IPUIPlugin
2025-12-14 14:02:02,951 [INFO] PluginManager:220 - loadIPPluginJar : add pdm2pcm
2025-12-14 14:02:02,954 [INFO] IPUIPlugin:80 - create IPUIPlugin
2025-12-14 14:02:02,956 [INFO] PluginManager:220 - loadIPPluginJar : add plateformsettings
2025-12-14 14:02:02,958 [INFO] IPUIPlugin:80 - create IPUIPlugin
2025-12-14 14:02:02,958 [INFO] PluginManager:220 - loadIPPluginJar : add quadspi
2025-12-14 14:02:02,959 [INFO] IPUIPlugin:80 - create IPUIPlugin
2025-12-14 14:02:02,960 [INFO] PluginManager:220 - loadIPPluginJar : add radio
2025-12-14 14:02:02,963 [INFO] IPUIPlugin:80 - create IPUIPlugin
2025-12-14 14:02:02,963 [INFO] PluginManager:220 - loadIPPluginJar : add resmgrutility
2025-12-14 14:02:02,965 [INFO] IPUIPlugin:80 - create IPUIPlugin
2025-12-14 14:02:02,965 [INFO] PluginManager:220 - loadIPPluginJar : add sai
2025-12-14 14:02:02,966 [INFO] IPUIPlugin:80 - create IPUIPlugin
2025-12-14 14:02:02,966 [INFO] PluginManager:220 - loadIPPluginJar : add spi
2025-12-14 14:02:02,969 [INFO] IPUIPlugin:80 - create IPUIPlugin
2025-12-14 14:02:02,969 [INFO] PluginManager:220 - loadIPPluginJar : add stm32_wpan
2025-12-14 14:02:02,970 [INFO] IPUIPlugin:80 - create IPUIPlugin
2025-12-14 14:02:02,970 [INFO] PluginManager:220 - loadIPPluginJar : add tim
2025-12-14 14:02:02,972 [INFO] IPUIPlugin:80 - create IPUIPlugin
2025-12-14 14:02:02,972 [INFO] PluginManager:220 - loadIPPluginJar : add touchsensing
2025-12-14 14:02:02,973 [INFO] IPUIPlugin:80 - create IPUIPlugin
2025-12-14 14:02:02,973 [INFO] PluginManager:220 - loadIPPluginJar : add tracer_emb
2025-12-14 14:02:02,974 [INFO] IPUIPlugin:80 - create IPUIPlugin
2025-12-14 14:02:02,974 [INFO] PluginManager:220 - loadIPPluginJar : add ts
2025-12-14 14:02:02,975 [INFO] IPUIPlugin:80 - create IPUIPlugin
2025-12-14 14:02:02,975 [INFO] PluginManager:220 - loadIPPluginJar : add tsc
2025-12-14 14:02:02,976 [INFO] IPUIPlugin:80 - create IPUIPlugin
2025-12-14 14:02:02,976 [INFO] PluginManager:220 - loadIPPluginJar : add ucpd
2025-12-14 14:02:02,978 [INFO] IPUIPlugin:80 - create IPUIPlugin
2025-12-14 14:02:02,978 [INFO] PluginManager:220 - loadIPPluginJar : add usart
2025-12-14 14:02:02,980 [INFO] IPUIPlugin:80 - create IPUIPlugin
2025-12-14 14:02:02,980 [INFO] PluginManager:220 - loadIPPluginJar : add usbx
2025-12-14 14:02:03,088 [FATAL] Updater:351 - Updater called before beeing initialized
2025-12-14 14:02:03,111 [INFO] RulesReader:64 - Compatibility file has been processed (317 Rules)
2025-12-14 14:02:03,119 [INFO] RulesReader:64 - Compatibility file has been processed (317 Rules)
2025-12-14 14:02:03,127 [INFO] CADModel:165 - CPN selected for project level
2025-12-14 14:02:03,128 [INFO] CADModel:114 - Register for checkConnection events
2025-12-14 14:02:03,128 [FATAL] Updater:351 - Updater called before beeing initialized
2025-12-14 14:02:03,128 [ERROR] CADModel:125 - Updater not yet initialized, retry later 
2025-12-14 14:02:03,231 [FATAL] Updater:351 - Updater called before beeing initialized
2025-12-14 14:02:03,233 [INFO] CADModel:165 - CPN selected for project level
2025-12-14 14:02:03,233 [INFO] CADModel:114 - Register for checkConnection events
2025-12-14 14:02:03,233 [FATAL] Updater:351 - Updater called before beeing initialized
2025-12-14 14:02:03,233 [ERROR] CADModel:125 - Updater not yet initialized, retry later 
2025-12-14 14:02:03,235 [FATAL] Updater:351 - Updater called before beeing initialized
2025-12-14 14:02:03,308 [FATAL] Updater:351 - Updater called before beeing initialized
2025-12-14 14:02:03,311 [INFO] DbMcusAds:53 - JSON generation date=Tue Nov 25 06:08:32 PST 2025 (1764079712835)
2025-12-14 14:02:03,311 [FATAL] Updater:351 - Updater called before beeing initialized
2025-12-14 14:02:03,336 [WARN] DetailPanel:346 - Failed to get advertising image, set to default
2025-12-14 14:02:03,399 [FATAL] Updater:351 - Updater called before beeing initialized
2025-12-14 14:02:03,401 [FATAL] Updater:351 - Updater called before beeing initialized
2025-12-14 14:02:03,401 [FATAL] Updater:351 - Updater called before beeing initialized
2025-12-14 14:02:03,401 [WARN] DetailPanel:346 - Failed to get advertising image, set to default
2025-12-14 14:02:03,402 [FATAL] Updater:351 - Updater called before beeing initialized
2025-12-14 14:02:03,435 [ERROR] Updater:1198 - MainUpdater not yet initialized. External WinMGr cannot be set.
2025-12-14 14:02:03,437 [INFO] Updater:1134 - Updater Version found : 6.15.0
2025-12-14 14:02:03,447 [INFO] ApplicationProperties:184 - Using Application install path: C:\ST\STM32CubeIDE_1.19.0\STM32CubeIDE\plugins\com.st.stm32cube.common.mx_6.15.0.202507011659
2025-12-14 14:02:05,015 [ERROR] LogOutputStream:75 - [STDERR_REDIRECT] Dec 14, 2025 2:02:05 PM java.util.prefs.WindowsPreferences <init>
2025-12-14 14:02:05,016 [ERROR] LogOutputStream:75 - [STDERR_REDIRECT] WARNING: Could not open/create prefs root node Software\JavaSoft\Prefs at root 0xffffffff80000002. Windows RegCreateKeyEx(...) returned error code 5.
2025-12-14 14:02:05,016 [ERROR] LogOutputStream:75 - [STDERR_REDIRECT] 
2025-12-14 14:02:05,486 [INFO] ThirdPartyUpdaterWithRetryManager:70 - Updater plugin not ready yet. [2/15]
2025-12-14 14:02:06,041 [INFO] MainUpdater:2872 - connection check result : 10
2025-12-14 14:02:06,042 [INFO] MainUpdater:289 - Updater Check For Update Now.
2025-12-14 14:02:06,042 [INFO] MicroXplorer:498 - Change Database Version : DB.6.0.150
2025-12-14 14:02:06,049 [INFO] McuFinderGlobals:63 - Set McuFinder mode to 2 (CubeIDE integrated)
2025-12-14 14:02:06,050 [INFO] UserAuth:487 - Internet connection configuration mode: 1
2025-12-14 14:02:06,075 [INFO] JxBrowserEngine:152 - Initiate JxBrowser Engine with user profile folder
2025-12-14 14:02:06,201 [INFO] CheckServerUpdateThread:120 - End of CheckServer Thread
2025-12-14 14:02:06,960 [INFO] WebApp:169 - Instantiating new browser for Auth
2025-12-14 14:02:07,632 [INFO] WebApp:463 - Apply proxy settings
2025-12-14 14:02:07,633 [INFO] WebApp:548 - Chromium requires no authentication
2025-12-14 14:02:07,653 [INFO] WebApp:491 - Direct internet connection detected
2025-12-14 14:02:07,685 [INFO] WebApp:900 - Register for checkConnection events
2025-12-14 14:02:07,685 [INFO] WebApp:463 - Apply proxy settings
2025-12-14 14:02:07,685 [INFO] WebApp:548 - Chromium requires no authentication
2025-12-14 14:02:07,685 [INFO] WebApp:491 - Direct internet connection detected
2025-12-14 14:02:07,845 [INFO] WebApp:225 - Starting web application
2025-12-14 14:02:07,845 [INFO] WebApp:593 - Web application path used C:\ST\STM32CubeIDE_1.19.0\STM32CubeIDE\plugins\com.st.stm32cube.common.mx_6.15.0.202507011659\db\plugins\mcufinder\reactClient1\index.html
2025-12-14 14:02:07,913 [INFO] UserAuth:487 - Internet connection configuration mode: 1
2025-12-14 14:02:08,654 [WARN] PackLoader:240 - Cannot read IP mode file for STMicroelectronics.FP-SNS-MOTENVWB1.1.4.0
2025-12-14 14:02:08,660 [WARN] PackLoader:240 - Cannot read IP mode file for STMicroelectronics.FP-ATR-ASTRA1.2.0.2
2025-12-14 14:02:08,668 [WARN] PackLoader:240 - Cannot read IP mode file for STMicroelectronics.X-CUBE-SMBUS.2.1.0
2025-12-14 14:02:08,673 [WARN] PackLoader:240 - Cannot read IP mode file for STMicroelectronics.X-CUBE-ST60.1.0.0
2025-12-14 14:02:08,694 [WARN] PackLoader:240 - Cannot read IP mode file for STMicroelectronics.X-CUBE-AZRTOS-F7.1.1.0
2025-12-14 14:02:08,703 [WARN] PackLoader:240 - Cannot read IP mode file for STMicroelectronics.FP-SNS-MOTENV1.5.1.0
2025-12-14 14:02:08,720 [WARN] PackLoader:240 - Cannot read IP mode file for Infineon.AIROC-Wi-Fi-Bluetooth-STM32.1.7.1
2025-12-14 14:02:08,739 [WARN] PackLoader:240 - Cannot read IP mode file for STMicroelectronics.X-CUBE-AZRTOS-H7.3.4.0
2025-12-14 14:02:08,746 [WARN] PackLoader:240 - Cannot read IP mode file for STMicroelectronics.X-CUBE-DISPLAY.3.0.0
2025-12-14 14:02:08,754 [WARN] PackLoader:240 - Cannot read IP mode file for STMicroelectronics.X-CUBE-NFC10.1.0.0
2025-12-14 14:02:08,758 [WARN] PackLoader:240 - Cannot read IP mode file for STMicroelectronics.X-CUBE-ST60.1.1.0
2025-12-14 14:02:08,762 [WARN] PackLoader:240 - Cannot read IP mode file for emotas.I-CUBE-CANOPEN.1.3.0
2025-12-14 14:02:08,766 [WARN] PackLoader:240 - Cannot read IP mode file for STMicroelectronics.X-CUBE-GNSS1.7.1.0
2025-12-14 14:02:08,771 [WARN] PackLoader:240 - Cannot read IP mode file for STMicroelectronics.FP-SNS-STBOX1.2.1.0
2025-12-14 14:02:08,776 [WARN] PackLoader:240 - Cannot read IP mode file for STMicroelectronics.FP-SNS-SMARTAG2.1.2.0
2025-12-14 14:02:08,780 [WARN] PackLoader:240 - Cannot read IP mode file for STMicroelectronics.FP-SNS-FLIGHT1.5.1.0
2025-12-14 14:02:08,786 [INFO] LogOutputStream:77 - [STDOUT_REDIRECT] 1 : Invalid condition id : UX_CORESTACK_Condition cause : null
2025-12-14 14:02:08,787 [INFO] LogOutputStream:77 - [STDOUT_REDIRECT] 1 : Invalid condition id : UX_CORESTACK_Condition cause : null
2025-12-14 14:02:08,787 [INFO] LogOutputStream:77 - [STDOUT_REDIRECT] 1 : Invalid condition id : UX_CORESTACK_Condition cause : null
2025-12-14 14:02:08,788 [INFO] LogOutputStream:77 - [STDOUT_REDIRECT] 1 : Invalid condition id : UX_CORESTACK_Condition cause : null
2025-12-14 14:02:08,788 [INFO] LogOutputStream:77 - [STDOUT_REDIRECT] 1 : Invalid condition id : UX_CORESTACK_Condition cause : null
2025-12-14 14:02:08,790 [WARN] PackLoader:240 - Cannot read IP mode file for STMicroelectronics.X-CUBE-AZRTOS-WL.2.0.0
2025-12-14 14:02:08,793 [WARN] PackLoader:240 - Cannot read IP mode file for STMicroelectronics.FP-SNS-MOTENV1.5.0.0
2025-12-14 14:02:08,804 [WARN] PackLoader:240 - Cannot read IP mode file for STMicroelectronics.X-CUBE-AZRTOS-H7RS.1.2.0
2025-12-14 14:02:08,811 [WARN] PackLoader:240 - Cannot read IP mode file for WES.I-CUBE-Cesium.1.3.0
2025-12-14 14:02:08,816 [WARN] PackLoader:240 - Cannot read IP mode file for STMicroelectronics.X-CUBE-BLE2.3.3.0
2025-12-14 14:02:08,834 [WARN] PackLoader:240 - Cannot read IP mode file for STMicroelectronics.X-CUBE-NFC9.1.0.0
2025-12-14 14:02:08,839 [WARN] PackLoader:240 - Cannot read IP mode file for wolfSSL.I-CUBE-wolfSSL.5.8.2
2025-12-14 14:02:08,843 [WARN] PackLoader:240 - Cannot read IP mode file for STMicroelectronics.X-CUBE-BLE1.7.1.0
2025-12-14 14:02:08,847 [WARN] PackLoader:240 - Cannot read IP mode file for wolfSSL.I-CUBE-wolfMQTT.1.19.2
2025-12-14 14:02:08,852 [WARN] PackLoader:240 - Cannot read IP mode file for STMicroelectronics.X-CUBE-FREERTOS.1.4.0
2025-12-14 14:02:08,857 [WARN] PackLoader:240 - Cannot read IP mode file for STMicroelectronics.X-CUBE-EEPRMA1.5.2.0
2025-12-14 14:02:08,873 [WARN] PackLoader:240 - Cannot read IP mode file for STMicroelectronics.X-CUBE-ST67W61.1.1.0
2025-12-14 14:02:08,883 [WARN] PackLoader:240 - Cannot read IP mode file for STMicroelectronics.X-CUBE-AI.10.1.0
2025-12-14 14:02:08,931 [WARN] PackLoader:240 - Cannot read IP mode file for STMicroelectronics.X-CUBE-MEMS1.12.0.0
2025-12-14 14:02:08,988 [WARN] PackLoader:240 - Cannot read IP mode file for STMicroelectronics.X-CUBE-AZRTOS-G0.1.1.0
2025-12-14 14:02:08,992 [WARN] PackLoader:240 - Cannot read IP mode file for STMicroelectronics.X-CUBE-SAFEA1.1.2.2
2025-12-14 14:02:08,997 [WARN] PackLoader:240 - Cannot read IP mode file for STMicroelectronics.X-CUBE-NFC4.3.0.0
2025-12-14 14:02:09,002 [WARN] PackLoader:240 - Cannot read IP mode file for EmbeddedOffice.I-CUBE-FS-RTOS.1.0.1
2025-12-14 14:02:09,007 [WARN] PackLoader:240 - Cannot read IP mode file for STMicroelectronics.X-CUBE-WB05N.2.0.0
2025-12-14 14:02:09,012 [WARN] PackLoader:240 - Cannot read IP mode file for wolfSSL.I-CUBE-wolfTPM.3.8.0
2025-12-14 14:02:09,021 [WARN] PackLoader:240 - Cannot read IP mode file for STMicroelectronics.X-CUBE-TCPP.4.2.0
2025-12-14 14:02:09,036 [WARN] PackLoader:240 - Cannot read IP mode file for RealThread.X-CUBE-RT-Thread_Nano.4.1.1
2025-12-14 14:02:09,040 [WARN] PackLoader:240 - Cannot read IP mode file for STMicroelectronics.FP-ATR-SIGFOX1.3.2.0
2025-12-14 14:02:09,046 [WARN] PackLoader:240 - Cannot read IP mode file for ITTIA_DB.I-CUBE-ITTIADB.8.9.0
2025-12-14 14:02:09,052 [WARN] PackLoader:240 - Cannot read IP mode file for STMicroelectronics.X-CUBE-ST67W61.1.0.0
2025-12-14 14:02:09,055 [WARN] PackLoader:240 - Cannot read IP mode file for STMicroelectronics.X-CUBE-AI.10.2.0
2025-12-14 14:02:09,073 [WARN] PackLoader:240 - Cannot read IP mode file for SEGGER.I-CUBE-embOS.1.3.1
2025-12-14 14:02:09,101 [WARN] PackLoader:240 - Cannot read IP mode file for STMicroelectronics.X-CUBE-ALGOBUILD.1.4.0
2025-12-14 14:02:09,133 [INFO] WebApp:191 - Connection restablished
2025-12-14 14:02:09,138 [WARN] PackLoader:240 - Cannot read IP mode file for STMicroelectronics.X-CUBE-MEMS1.11.3.0
2025-12-14 14:02:09,219 [WARN] PackLoader:240 - Cannot read IP mode file for STMicroelectronics.X-CUBE-PM33A1.1.0.0
2025-12-14 14:02:09,231 [WARN] PackLoader:240 - Cannot read IP mode file for STMicroelectronics.X-CUBE-AZRTOS-F4.1.1.0
2025-12-14 14:02:09,237 [WARN] PackLoader:240 - Cannot read IP mode file for Avnet-IotConnect.X-CUBE-IoTC-DA16k-PMOD.1.0.0
2025-12-14 14:02:09,240 [WARN] PackLoader:240 - Cannot read IP mode file for STMicroelectronics.X-CUBE-ISPU.2.1.0
2025-12-14 14:02:09,248 [WARN] PackLoader:240 - Cannot read IP mode file for STMicroelectronics.X-CUBE-IPS.3.2.0
2025-12-14 14:02:09,259 [WARN] PackLoader:240 - Cannot read IP mode file for STMicroelectronics.X-CUBE-NFC12.1.0.0
2025-12-14 14:02:09,274 [WARN] PackLoader:240 - Cannot read IP mode file for STMicroelectronics.X-CUBE-AZRTOS-L5.2.0.0
2025-12-14 14:02:09,285 [WARN] PackLoader:240 - Cannot read IP mode file for STMicroelectronics.X-CUBE-NFC6.3.1.0
2025-12-14 14:02:09,293 [WARN] PackLoader:240 - Cannot read IP mode file for STMicroelectronics.X-CUBE-FREERTOS.1.3.1
2025-12-14 14:02:09,299 [WARN] PackLoader:240 - Cannot read IP mode file for STMicroelectronics.X-CUBE-TOUCHGFX.4.26.0
2025-12-14 14:02:09,305 [WARN] PackLoader:240 - Cannot read IP mode file for STMicroelectronics.FP-SNS-STAIOTCFT.1.0.0
2025-12-14 14:02:09,314 [WARN] PackLoader:240 - Cannot read IP mode file for STMicroelectronics.X-CUBE-DPower.1.3.0
2025-12-14 14:02:09,334 [WARN] ConditionMgr:438 - getConditionDescription Invalid condition id : LAN8742 Phy interface Condition cause : null
2025-12-14 14:02:09,335 [WARN] PackLoader:240 - Cannot read IP mode file for STMicroelectronics.X-CUBE-AZRTOS-L4.2.0.0
2025-12-14 14:02:09,337 [WARN] ConditionMgr:1044 - genDependencies : Invalid condition id : LAN8742 Phy interface Condition cause : null
2025-12-14 14:02:09,338 [WARN] ConditionMgr:1044 - genDependencies : Invalid condition id : LAN8742 Phy interface Condition cause : null
2025-12-14 14:02:09,338 [WARN] ConditionMgr:1044 - genDependencies : Invalid condition id : LAN8742 Phy interface Condition cause : null
2025-12-14 14:02:09,347 [WARN] PackLoader:240 - Cannot read IP mode file for STMicroelectronics.X-CUBE-SFXS2LP1.4.0.0
2025-12-14 14:02:09,358 [WARN] PackLoader:240 - Cannot read IP mode file for STMicroelectronics.X-CUBE-BLEMGR.4.1.0
2025-12-14 14:02:09,371 [WARN] ConditionMgr:438 - getConditionDescription Invalid condition id : UX DEVICE CLASS RTOS Condition cause : null
2025-12-14 14:02:09,372 [WARN] ConditionMgr:438 - getConditionDescription Invalid condition id : UX DEVICE CLASS RTOS Condition cause : null
2025-12-14 14:02:09,373 [WARN] PackLoader:240 - Cannot read IP mode file for STMicroelectronics.X-CUBE-AZRTOS-WB.2.0.0
2025-12-14 14:02:09,374 [WARN] ConditionMgr:1044 - genDependencies : Invalid condition id : UX DEVICE CLASS RTOS Condition cause : null
2025-12-14 14:02:09,374 [WARN] ConditionMgr:1044 - genDependencies : Invalid condition id : UX DEVICE CLASS RTOS Condition cause : null
2025-12-14 14:02:09,374 [WARN] ConditionMgr:1044 - genDependencies : Invalid condition id : UX DEVICE CLASS RTOS Condition cause : null
2025-12-14 14:02:09,374 [WARN] ConditionMgr:1044 - genDependencies : Invalid condition id : UX DEVICE CLASS RTOS Condition cause : null
2025-12-14 14:02:09,374 [WARN] ConditionMgr:1044 - genDependencies : Invalid condition id : UX DEVICE CLASS RTOS Condition cause : null
2025-12-14 14:02:09,392 [WARN] PackLoader:240 - Cannot read IP mode file for STMicroelectronics.X-CUBE-GNSS1.7.0.1
2025-12-14 14:02:09,400 [WARN] PackLoader:240 - Cannot read IP mode file for STMicroelectronics.X-CUBE-TOUCHGFX.4.25.0
2025-12-14 14:02:09,407 [WARN] ConditionMgr:438 - getConditionDescription Invalid condition id : Cortex-A Device cause : null
2025-12-14 14:02:09,425 [WARN] ConditionMgr:1044 - genDependencies : Invalid condition id : Cortex-A Device cause : null
2025-12-14 14:02:09,425 [WARN] ConditionMgr:1044 - genDependencies : Invalid condition id : Cortex-A Device cause : null
2025-12-14 14:02:09,426 [WARN] ConditionMgr:1044 - genDependencies : Invalid condition id : Cortex-A Device cause : null
2025-12-14 14:02:09,461 [WARN] PackLoader:240 - Cannot read IP mode file for STMicroelectronics.X-CUBE-SUBG2.5.0.0
2025-12-14 14:02:09,486 [WARN] PackLoader:240 - Cannot read IP mode file for STMicroelectronics.X-CUBE-AZRTOS-H7RS.1.1.0
2025-12-14 14:02:09,640 [WARN] PackLoader:240 - Cannot read IP mode file for Cesanta.I-CUBE-Mongoose.7.13.0
2025-12-14 14:02:09,660 [WARN] PackLoader:240 - Cannot read IP mode file for STMicroelectronics.X-CUBE-AZRTOS-G4.2.0.0
2025-12-14 14:02:09,671 [WARN] PackLoader:240 - Cannot read IP mode file for wolfSSL.I-CUBE-wolfSSH.1.4.20
2025-12-14 14:02:09,677 [WARN] PackLoader:240 - Cannot read IP mode file for STMicroelectronics.X-CUBE-NFC7.2.0.0
2025-12-14 14:02:09,693 [WARN] PackLoader:240 - Cannot read IP mode file for STMicroelectronics.X-CUBE-IPS.3.1.0
2025-12-14 14:02:09,706 [WARN] PackLoader:240 - Cannot read IP mode file for STMicroelectronics.X-CUBE-ALS.1.0.2
2025-12-14 14:02:09,712 [WARN] PackLoader:240 - Cannot read IP mode file for STMicroelectronics.X-CUBE-STSE01.1.0.0
2025-12-14 14:02:09,721 [WARN] PackLoader:240 - Cannot read IP mode file for portGmbH.I-Cube-SoM-uGOAL.1.1.0
2025-12-14 14:02:09,733 [WARN] PackLoader:240 - Cannot read IP mode file for STMicroelectronics.X-CUBE-TOF1.3.4.3
2025-12-14 14:02:09,741 [INFO] ThirdParty:978 - Integrity check success = true
2025-12-14 14:02:09,741 [INFO] IntegrityCheckThread:100 - exiting critical section [integrity check]
2025-12-14 14:02:09,741 [INFO] IntegrityCheckThread:103 - End integrity checks thread
2025-12-14 14:03:40,118 [ERROR] LogOutputStream:75 - [STDERR_REDIRECT] 
2025-12-14 14:03:40,121 [ERROR] LogOutputStream:75 - [STDERR_REDIRECT] 
2025-12-14 14:07:11,423 [INFO] Activator:176 - 


2025-12-14 14:07:11,425 [INFO] Activator:177 - !SESSION log4j initialized
2025-12-14 14:07:14,178 [INFO] LogOutputStream:77 - [STDOUT_REDIRECT] 
2025-12-14 14:07:15,826 [INFO] ApplicationProperties:184 - Using Application install path: C:\ST\STM32CubeIDE_1.19.0\STM32CubeIDE\plugins\com.st.stm32cube.common.mx_6.15.0.202507011659
2025-12-14 14:07:15,839 [INFO] DbMcusXml:78 - Set database path to: C:\ST\STM32CubeIDE_1.19.0\STM32CubeIDE\plugins\com.st.stm32cube.common.mx_6.15.0.202507011659\\db\/mcu/
2025-12-14 14:07:15,840 [INFO] ApiDb:274 - Set plugin database path to: C:\ST\STM32CubeIDE_1.19.0\STM32CubeIDE\plugins\com.st.stm32cube.common.mx_6.15.0.202507011659\\db\/plugins/boardmanager/
2025-12-14 14:07:15,840 [WARN] ApiDb:259 - Overriding images path with different value:  => C:\ST\STM32CubeIDE_1.19.0\STM32CubeIDE\plugins\com.st.stm32cube.common.mx_6.15.0.202507011659\\db\/plugins/mcufinder/images/
2025-12-14 14:07:15,845 [INFO] ApiDb:250 - Set database path to: C:\Users\MattM\.stmcufinder\plugins\mcufinder//mcu/
2025-12-14 14:07:15,846 [INFO] DbMcusAds:125 - Set database path to: C:\Users\MattM\.stmcufinder\plugins\mcufinder//mcu/
2025-12-14 14:07:15,847 [INFO] CrossReferenceDbSqlite:203 - Set database path to: C:\Users\MattM\.stmcufinder\plugins\mcufinder//mcu/cs/
2025-12-14 14:07:15,937 [INFO] RulesReader:64 - Compatibility file has been processed (317 Rules)
2025-12-14 14:07:16,046 [INFO] DbMcusXml:78 - Set database path to: C:\ST\STM32CubeIDE_1.19.0\STM32CubeIDE\plugins\com.st.stm32cube.common.mx_6.15.0.202507011659\\db\/mcu/
2025-12-14 14:07:16,046 [INFO] ApiDb:274 - Set plugin database path to: C:\ST\STM32CubeIDE_1.19.0\STM32CubeIDE\plugins\com.st.stm32cube.common.mx_6.15.0.202507011659\\db\/plugins/boardmanager/
2025-12-14 14:07:16,046 [INFO] ApiDb:261 - Set plugin images path to: C:\ST\STM32CubeIDE_1.19.0\STM32CubeIDE\plugins\com.st.stm32cube.common.mx_6.15.0.202507011659\\db\/plugins/mcufinder/images/
2025-12-14 14:07:16,046 [WARN] DbFile:41 - Overriding database path with different value: C:\Users\MattM\.stmcufinder\plugins\mcufinder/ => C:\Users\MattM\.stmcufinder\plugins\mcufinder
2025-12-14 14:07:16,046 [INFO] ApiDb:250 - Set database path to: C:\Users\MattM\.stmcufinder\plugins\mcufinder//mcu/
2025-12-14 14:07:16,046 [WARN] DbFile:41 - Overriding database path with different value: C:\Users\MattM\.stmcufinder\plugins\mcufinder/ => C:\Users\MattM\.stmcufinder\plugins\mcufinder
2025-12-14 14:07:16,047 [INFO] DbMcusAds:125 - Set database path to: C:\Users\MattM\.stmcufinder\plugins\mcufinder//mcu/
2025-12-14 14:07:16,047 [WARN] DbFile:41 - Overriding database path with different value: C:\Users\MattM\.stmcufinder\plugins\mcufinder/ => C:\Users\MattM\.stmcufinder\plugins\mcufinder
2025-12-14 14:07:16,047 [WARN] DbFile:41 - Overriding database path with different value: C:\Users\MattM\.stmcufinder\plugins\mcufinder/ => C:\Users\MattM\.stmcufinder\plugins\mcufinder
2025-12-14 14:07:16,047 [INFO] CrossReferenceDbSqlite:203 - Set database path to: C:\Users\MattM\.stmcufinder\plugins\mcufinder//mcu/cs/
2025-12-14 14:07:16,123 [INFO] MainPanel:274 - HeapMemory: 268435456
2025-12-14 14:07:16,231 [INFO] DbMcusXml:78 - Set database path to: C:\ST\STM32CubeIDE_1.19.0\STM32CubeIDE\plugins\com.st.stm32cube.common.mx_6.15.0.202507011659\\db\/mcu/
2025-12-14 14:07:16,231 [INFO] ApiDb:274 - Set plugin database path to: C:\ST\STM32CubeIDE_1.19.0\STM32CubeIDE\plugins\com.st.stm32cube.common.mx_6.15.0.202507011659\\db\/plugins/boardmanager/
2025-12-14 14:07:16,231 [INFO] ApiDb:261 - Set plugin images path to: C:\ST\STM32CubeIDE_1.19.0\STM32CubeIDE\plugins\com.st.stm32cube.common.mx_6.15.0.202507011659\\db\/plugins/mcufinder/images/
2025-12-14 14:07:16,232 [WARN] DbFile:41 - Overriding database path with different value: C:\Users\MattM\.stmcufinder\plugins\mcufinder/ => C:\Users\MattM\.stmcufinder\plugins\mcufinder
2025-12-14 14:07:16,232 [INFO] ApiDb:250 - Set database path to: C:\Users\MattM\.stmcufinder\plugins\mcufinder//mcu/
2025-12-14 14:07:16,232 [WARN] DbFile:41 - Overriding database path with different value: C:\Users\MattM\.stmcufinder\plugins\mcufinder/ => C:\Users\MattM\.stmcufinder\plugins\mcufinder
2025-12-14 14:07:16,232 [INFO] DbMcusAds:125 - Set database path to: C:\Users\MattM\.stmcufinder\plugins\mcufinder//mcu/
2025-12-14 14:07:16,232 [WARN] DbFile:41 - Overriding database path with different value: C:\Users\MattM\.stmcufinder\plugins\mcufinder/ => C:\Users\MattM\.stmcufinder\plugins\mcufinder
2025-12-14 14:07:16,232 [WARN] DbFile:41 - Overriding database path with different value: C:\Users\MattM\.stmcufinder\plugins\mcufinder/ => C:\Users\MattM\.stmcufinder\plugins\mcufinder
2025-12-14 14:07:16,232 [INFO] CrossReferenceDbSqlite:203 - Set database path to: C:\Users\MattM\.stmcufinder\plugins\mcufinder//mcu/cs/
2025-12-14 14:07:16,250 [INFO] ApplicationProperties:184 - Using Application install path: C:\ST\STM32CubeIDE_1.19.0\STM32CubeIDE\plugins\com.st.stm32cube.common.mx_6.15.0.202507011659
2025-12-14 14:07:16,251 [INFO] PluginManage:196 - Search for loadable plugins [exclusion list=, ]
2025-12-14 14:07:16,253 [INFO] PluginManage:310 - Check plugin analytics
2025-12-14 14:07:16,420 [INFO] AnalyticsPlugin:253 - Accepted Software Licenses: 
2025-12-14 14:07:16,420 [INFO] AnalyticsPlugin:255 - Accepted CMSIS Pack Licenses: 
2025-12-14 14:07:16,421 [INFO] AnalyticsPlugin:257 - Accepted Firmware Licenses: FW.F7.1.17.0
2025-12-14 14:07:16,422 [INFO] PluginManage:359 - Loaded plugin analytics (category:tool,tabindex:-1)
2025-12-14 14:07:16,422 [INFO] PluginManage:310 - Check plugin cadmodel
2025-12-14 14:07:16,427 [INFO] CADModel:105 - Init CAD model plugin
2025-12-14 14:07:16,427 [INFO] PluginManage:359 - Loaded plugin cadmodel (category:power,tabindex:5)
2025-12-14 14:07:16,429 [INFO] PluginManage:310 - Check plugin clock
2025-12-14 14:07:16,436 [INFO] PluginManage:359 - Loaded plugin clock (category:base,tabindex:2)
2025-12-14 14:07:16,436 [INFO] PluginManage:310 - Check plugin ddr
2025-12-14 14:07:16,438 [INFO] PluginManage:359 - Loaded plugin ddr (category:tool,tabindex:6)
2025-12-14 14:07:16,438 [INFO] PluginManage:310 - Check plugin filemanager
2025-12-14 14:07:16,639 [INFO] PluginManage:359 - Loaded plugin filemanager (category:base,tabindex:10)
2025-12-14 14:07:16,639 [INFO] PluginManage:310 - Check plugin ipmanager
2025-12-14 14:07:16,654 [INFO] PluginManage:359 - Loaded plugin ipmanager (category:base,tabindex:5)
2025-12-14 14:07:16,654 [INFO] PluginManage:310 - Check plugin lpbam
2025-12-14 14:07:16,660 [INFO] PluginManage:359 - Loaded plugin lpbam (category:base,tabindex:0)
2025-12-14 14:07:16,660 [INFO] PluginManage:310 - Check plugin memorymap
2025-12-14 14:07:16,672 [INFO] PluginManage:359 - Loaded plugin memorymap (category:base,tabindex:4)
2025-12-14 14:07:16,673 [INFO] PluginManage:310 - Check plugin pinoutandconfiguration
2025-12-14 14:07:16,678 [INFO] PluginManage:359 - Loaded plugin pinoutandconfiguration (category:base,tabindex:1)
2025-12-14 14:07:16,678 [INFO] PluginManage:310 - Check plugin pinoutconfig
2025-12-14 14:07:16,747 [WARN] SupportedApi:132 - Cannot load RTOS API schema: s4s-elt-must-match.1: The content of 'definitions' must match (annotation?, (simpleType | complexType)?, (unique | key | keyref)*)). A problem was found starting at: attribute.
2025-12-14 14:07:16,865 [INFO] PluginManage:359 - Loaded plugin pinoutconfig (category:base,tabindex:0)
2025-12-14 14:07:16,865 [INFO] PluginManage:310 - Check plugin power
2025-12-14 14:07:16,875 [INFO] PluginManage:359 - Loaded plugin power (category:power,tabindex:4)
2025-12-14 14:07:16,875 [INFO] PluginManage:310 - Check plugin projectmanager
2025-12-14 14:07:16,889 [INFO] PluginManage:359 - Loaded plugin projectmanager (category:projectmanager,tabindex:4)
2025-12-14 14:07:16,889 [INFO] PluginManage:310 - Check plugin rif
2025-12-14 14:07:16,899 [INFO] PluginManage:359 - Loaded plugin rif (category:base,tabindex:3)
2025-12-14 14:07:16,899 [INFO] PluginManage:310 - Check plugin thirdparty
2025-12-14 14:07:17,002 [INFO] PluginManage:359 - Loaded plugin thirdparty (category:base,tabindex:-1)
2025-12-14 14:07:17,002 [INFO] PluginManage:310 - Check plugin tools
2025-12-14 14:07:17,002 [WARN] IntegrityCheckThread:84 - waiting for thirdparty lock release [integrity check]
2025-12-14 14:07:17,002 [INFO] IntegrityCheckThread:86 - entering critical section [integrity check]
2025-12-14 14:07:17,002 [INFO] ThirdPartyUpdaterWithRetryManager:70 - Updater plugin not ready yet. [1/15]
2025-12-14 14:07:17,004 [INFO] PluginManage:359 - Loaded plugin tools (category:base,tabindex:7)
2025-12-14 14:07:17,004 [INFO] PluginManage:310 - Check plugin tutovideos
2025-12-14 14:07:17,167 [INFO] PluginManage:359 - Loaded plugin tutovideos (category:base,tabindex:-1)
2025-12-14 14:07:17,167 [INFO] PluginManage:310 - Check plugin updater
2025-12-14 14:07:17,182 [INFO] PluginManage:359 - Loaded plugin updater (category:base,tabindex:12)
2025-12-14 14:07:17,182 [INFO] PluginManage:310 - Check plugin userauth
2025-12-14 14:07:17,186 [INFO] UserAuth:118 - Init User Auth plugin
2025-12-14 14:07:17,187 [INFO] PluginManage:359 - Loaded plugin userauth (category:base,tabindex:14)
2025-12-14 14:07:17,187 [INFO] PluginManage:283 - PluginManage : Loaded plugins [18]
2025-12-14 14:07:17,367 [INFO] PinOutPanel:1589 - setPackage(No Configuration,No Configuration)
2025-12-14 14:07:17,435 [INFO] CADModel:165 - CPN selected for project level
2025-12-14 14:07:17,436 [INFO] CADModel:114 - Register for checkConnection events
2025-12-14 14:07:17,452 [INFO] IPUIPlugin:80 - create IPUIPlugin
2025-12-14 14:07:17,452 [INFO] PluginManager:220 - loadIPPluginJar : add adc
2025-12-14 14:07:17,454 [INFO] IPUIPlugin:80 - create IPUIPlugin
2025-12-14 14:07:17,454 [INFO] PluginManager:220 - loadIPPluginJar : add aes
2025-12-14 14:07:17,456 [INFO] IPUIPlugin:80 - create IPUIPlugin
2025-12-14 14:07:17,457 [INFO] PluginManager:220 - loadIPPluginJar : add can
2025-12-14 14:07:17,458 [INFO] IPUIPlugin:80 - create IPUIPlugin
2025-12-14 14:07:17,458 [INFO] PluginManager:220 - loadIPPluginJar : add comp
2025-12-14 14:07:17,460 [INFO] IPUIPlugin:80 - create IPUIPlugin
2025-12-14 14:07:17,460 [INFO] PluginManager:220 - loadIPPluginJar : add cryp
2025-12-14 14:07:17,462 [INFO] IPUIPlugin:80 - create IPUIPlugin
2025-12-14 14:07:17,462 [INFO] PluginManager:220 - loadIPPluginJar : add ddr_ctrl_phy
2025-12-14 14:07:17,464 [INFO] IPUIPlugin:80 - create IPUIPlugin
2025-12-14 14:07:17,464 [INFO] PluginManager:220 - loadIPPluginJar : add dfsdm
2025-12-14 14:07:17,467 [INFO] IPUIPlugin:80 - create IPUIPlugin
2025-12-14 14:07:17,467 [INFO] PluginManager:220 - loadIPPluginJar : add dma
2025-12-14 14:07:17,469 [INFO] IPUIPlugin:80 - create IPUIPlugin
2025-12-14 14:07:17,469 [INFO] PluginManager:220 - loadIPPluginJar : add dma3
2025-12-14 14:07:17,471 [INFO] IPUIPlugin:80 - create IPUIPlugin
2025-12-14 14:07:17,471 [INFO] PluginManager:220 - loadIPPluginJar : add extmemmanager
2025-12-14 14:07:17,472 [INFO] IPUIPlugin:80 - create IPUIPlugin
2025-12-14 14:07:17,473 [INFO] PluginManager:220 - loadIPPluginJar : add fatfs
2025-12-14 14:07:17,476 [INFO] IPUIPlugin:80 - create IPUIPlugin
2025-12-14 14:07:17,476 [INFO] PluginManager:220 - loadIPPluginJar : add fmc
2025-12-14 14:07:17,483 [INFO] IPUIPlugin:80 - create IPUIPlugin
2025-12-14 14:07:17,483 [INFO] PluginManager:220 - loadIPPluginJar : add freertos
2025-12-14 14:07:17,485 [INFO] IPUIPlugin:80 - create IPUIPlugin
2025-12-14 14:07:17,485 [INFO] PluginManager:220 - loadIPPluginJar : add genericplugin
2025-12-14 14:07:17,487 [INFO] IPUIPlugin:80 - create IPUIPlugin
2025-12-14 14:07:17,487 [INFO] PluginManager:220 - loadIPPluginJar : add gfxmmu
2025-12-14 14:07:17,490 [INFO] IPUIPlugin:80 - create IPUIPlugin
2025-12-14 14:07:17,490 [INFO] PluginManager:220 - loadIPPluginJar : add gic
2025-12-14 14:07:17,493 [INFO] IPUIPlugin:80 - create IPUIPlugin
2025-12-14 14:07:17,493 [INFO] PluginManager:220 - loadIPPluginJar : add gpio
2025-12-14 14:07:17,496 [INFO] IPUIPlugin:80 - create IPUIPlugin
2025-12-14 14:07:17,496 [INFO] PluginManager:220 - loadIPPluginJar : add gtzc
2025-12-14 14:07:17,497 [INFO] IPUIPlugin:80 - create IPUIPlugin
2025-12-14 14:07:17,497 [INFO] PluginManager:220 - loadIPPluginJar : add hash
2025-12-14 14:07:17,499 [INFO] IPUIPlugin:80 - create IPUIPlugin
2025-12-14 14:07:17,499 [INFO] PluginManager:220 - loadIPPluginJar : add i2c
2025-12-14 14:07:17,500 [INFO] IPUIPlugin:80 - create IPUIPlugin
2025-12-14 14:07:17,501 [INFO] PluginManager:220 - loadIPPluginJar : add i2s
2025-12-14 14:07:17,502 [INFO] IPUIPlugin:80 - create IPUIPlugin
2025-12-14 14:07:17,502 [INFO] PluginManager:220 - loadIPPluginJar : add i3c
2025-12-14 14:07:17,505 [INFO] IPUIPlugin:80 - create IPUIPlugin
2025-12-14 14:07:17,505 [INFO] PluginManager:220 - loadIPPluginJar : add ipddr
2025-12-14 14:07:17,511 [INFO] IPUIPlugin:80 - create IPUIPlugin
2025-12-14 14:07:17,511 [INFO] PluginManager:220 - loadIPPluginJar : add linkedlist
2025-12-14 14:07:17,514 [INFO] IPUIPlugin:80 - create IPUIPlugin
2025-12-14 14:07:17,515 [INFO] PluginManager:220 - loadIPPluginJar : add lorawan
2025-12-14 14:07:17,516 [INFO] IPUIPlugin:80 - create IPUIPlugin
2025-12-14 14:07:17,516 [INFO] PluginManager:220 - loadIPPluginJar : add ltdc
2025-12-14 14:07:17,521 [INFO] IPUIPlugin:80 - create IPUIPlugin
2025-12-14 14:07:17,521 [INFO] PluginManager:220 - loadIPPluginJar : add mdma
2025-12-14 14:07:17,533 [INFO] IPUIPlugin:80 - create IPUIPlugin
2025-12-14 14:07:17,534 [INFO] PluginManager:220 - loadIPPluginJar : add nvic
2025-12-14 14:07:17,536 [INFO] IPUIPlugin:80 - create IPUIPlugin
2025-12-14 14:07:17,536 [INFO] PluginManager:220 - loadIPPluginJar : add opamp
2025-12-14 14:07:17,539 [INFO] IPUIPlugin:80 - create IPUIPlugin
2025-12-14 14:07:17,539 [INFO] PluginManager:220 - loadIPPluginJar : add openamp
2025-12-14 14:07:17,544 [INFO] IPUIPlugin:80 - create IPUIPlugin
2025-12-14 14:07:17,544 [INFO] PluginManager:220 - loadIPPluginJar : add pdm2pcm
2025-12-14 14:07:17,549 [INFO] IPUIPlugin:80 - create IPUIPlugin
2025-12-14 14:07:17,551 [INFO] PluginManager:220 - loadIPPluginJar : add plateformsettings
2025-12-14 14:07:17,553 [INFO] IPUIPlugin:80 - create IPUIPlugin
2025-12-14 14:07:17,553 [INFO] PluginManager:220 - loadIPPluginJar : add quadspi
2025-12-14 14:07:17,555 [INFO] IPUIPlugin:80 - create IPUIPlugin
2025-12-14 14:07:17,555 [INFO] PluginManager:220 - loadIPPluginJar : add radio
2025-12-14 14:07:17,560 [INFO] IPUIPlugin:80 - create IPUIPlugin
2025-12-14 14:07:17,560 [INFO] PluginManager:220 - loadIPPluginJar : add resmgrutility
2025-12-14 14:07:17,564 [INFO] IPUIPlugin:80 - create IPUIPlugin
2025-12-14 14:07:17,564 [INFO] PluginManager:220 - loadIPPluginJar : add sai
2025-12-14 14:07:17,566 [INFO] IPUIPlugin:80 - create IPUIPlugin
2025-12-14 14:07:17,566 [INFO] PluginManager:220 - loadIPPluginJar : add spi
2025-12-14 14:07:17,572 [INFO] IPUIPlugin:80 - create IPUIPlugin
2025-12-14 14:07:17,572 [INFO] PluginManager:220 - loadIPPluginJar : add stm32_wpan
2025-12-14 14:07:17,574 [INFO] IPUIPlugin:80 - create IPUIPlugin
2025-12-14 14:07:17,574 [INFO] PluginManager:220 - loadIPPluginJar : add tim
2025-12-14 14:07:17,576 [INFO] IPUIPlugin:80 - create IPUIPlugin
2025-12-14 14:07:17,576 [INFO] PluginManager:220 - loadIPPluginJar : add touchsensing
2025-12-14 14:07:17,577 [INFO] IPUIPlugin:80 - create IPUIPlugin
2025-12-14 14:07:17,577 [INFO] PluginManager:220 - loadIPPluginJar : add tracer_emb
2025-12-14 14:07:17,579 [INFO] IPUIPlugin:80 - create IPUIPlugin
2025-12-14 14:07:17,579 [INFO] PluginManager:220 - loadIPPluginJar : add ts
2025-12-14 14:07:17,582 [INFO] IPUIPlugin:80 - create IPUIPlugin
2025-12-14 14:07:17,582 [INFO] PluginManager:220 - loadIPPluginJar : add tsc
2025-12-14 14:07:17,583 [INFO] IPUIPlugin:80 - create IPUIPlugin
2025-12-14 14:07:17,583 [INFO] PluginManager:220 - loadIPPluginJar : add ucpd
2025-12-14 14:07:17,585 [INFO] IPUIPlugin:80 - create IPUIPlugin
2025-12-14 14:07:17,585 [INFO] PluginManager:220 - loadIPPluginJar : add usart
2025-12-14 14:07:17,588 [INFO] IPUIPlugin:80 - create IPUIPlugin
2025-12-14 14:07:17,588 [INFO] PluginManager:220 - loadIPPluginJar : add usbx
2025-12-14 14:07:17,734 [FATAL] Updater:351 - Updater called before beeing initialized
2025-12-14 14:07:17,756 [INFO] RulesReader:64 - Compatibility file has been processed (317 Rules)
2025-12-14 14:07:17,765 [INFO] RulesReader:64 - Compatibility file has been processed (317 Rules)
2025-12-14 14:07:17,789 [INFO] CADModel:165 - CPN selected for project level
2025-12-14 14:07:17,790 [INFO] CADModel:114 - Register for checkConnection events
2025-12-14 14:07:17,790 [FATAL] Updater:351 - Updater called before beeing initialized
2025-12-14 14:07:17,790 [ERROR] CADModel:125 - Updater not yet initialized, retry later 
2025-12-14 14:07:17,921 [FATAL] Updater:351 - Updater called before beeing initialized
2025-12-14 14:07:17,923 [INFO] CADModel:165 - CPN selected for project level
2025-12-14 14:07:17,923 [INFO] CADModel:114 - Register for checkConnection events
2025-12-14 14:07:17,923 [FATAL] Updater:351 - Updater called before beeing initialized
2025-12-14 14:07:17,923 [ERROR] CADModel:125 - Updater not yet initialized, retry later 
2025-12-14 14:07:17,925 [FATAL] Updater:351 - Updater called before beeing initialized
2025-12-14 14:07:18,033 [FATAL] Updater:351 - Updater called before beeing initialized
2025-12-14 14:07:18,036 [INFO] DbMcusAds:53 - JSON generation date=Tue Nov 25 06:08:32 PST 2025 (1764079712835)
2025-12-14 14:07:18,036 [FATAL] Updater:351 - Updater called before beeing initialized
2025-12-14 14:07:18,066 [WARN] DetailPanel:346 - Failed to get advertising image, set to default
2025-12-14 14:07:18,130 [FATAL] Updater:351 - Updater called before beeing initialized
2025-12-14 14:07:18,132 [FATAL] Updater:351 - Updater called before beeing initialized
2025-12-14 14:07:18,132 [FATAL] Updater:351 - Updater called before beeing initialized
2025-12-14 14:07:18,132 [WARN] DetailPanel:346 - Failed to get advertising image, set to default
2025-12-14 14:07:18,133 [FATAL] Updater:351 - Updater called before beeing initialized
2025-12-14 14:07:18,188 [ERROR] Updater:1198 - MainUpdater not yet initialized. External WinMGr cannot be set.
2025-12-14 14:07:18,190 [INFO] Updater:1134 - Updater Version found : 6.15.0
2025-12-14 14:07:18,206 [INFO] ApplicationProperties:184 - Using Application install path: C:\ST\STM32CubeIDE_1.19.0\STM32CubeIDE\plugins\com.st.stm32cube.common.mx_6.15.0.202507011659
2025-12-14 14:07:19,800 [ERROR] LogOutputStream:75 - [STDERR_REDIRECT] Dec 14, 2025 2:07:19 PM java.util.prefs.WindowsPreferences <init>
2025-12-14 14:07:19,802 [ERROR] LogOutputStream:75 - [STDERR_REDIRECT] WARNING: Could not open/create prefs root node Software\JavaSoft\Prefs at root 0xffffffff80000002. Windows RegCreateKeyEx(...) returned error code 5.
2025-12-14 14:07:19,802 [ERROR] LogOutputStream:75 - [STDERR_REDIRECT] 
2025-12-14 14:07:20,004 [INFO] ThirdPartyUpdaterWithRetryManager:70 - Updater plugin not ready yet. [2/15]
2025-12-14 14:07:20,244 [INFO] MainUpdater:2872 - connection check result : 10
2025-12-14 14:07:20,246 [INFO] MainUpdater:289 - Updater Check For Update Now.
2025-12-14 14:07:20,246 [INFO] MicroXplorer:498 - Change Database Version : DB.6.0.150
2025-12-14 14:07:20,275 [INFO] McuFinderGlobals:63 - Set McuFinder mode to 2 (CubeIDE integrated)
2025-12-14 14:07:20,276 [INFO] UserAuth:487 - Internet connection configuration mode: 1
2025-12-14 14:07:20,303 [INFO] JxBrowserEngine:152 - Initiate JxBrowser Engine with user profile folder
2025-12-14 14:07:20,428 [INFO] CheckServerUpdateThread:120 - End of CheckServer Thread
2025-12-14 14:07:21,188 [INFO] WebApp:169 - Instantiating new browser for Auth
2025-12-14 14:07:21,887 [INFO] WebApp:463 - Apply proxy settings
2025-12-14 14:07:21,888 [INFO] WebApp:548 - Chromium requires no authentication
2025-12-14 14:07:21,906 [INFO] WebApp:491 - Direct internet connection detected
2025-12-14 14:07:21,933 [INFO] WebApp:900 - Register for checkConnection events
2025-12-14 14:07:21,933 [INFO] WebApp:463 - Apply proxy settings
2025-12-14 14:07:21,933 [INFO] WebApp:548 - Chromium requires no authentication
2025-12-14 14:07:21,934 [INFO] WebApp:491 - Direct internet connection detected
2025-12-14 14:07:22,085 [INFO] WebApp:225 - Starting web application
2025-12-14 14:07:22,085 [INFO] WebApp:593 - Web application path used C:\ST\STM32CubeIDE_1.19.0\STM32CubeIDE\plugins\com.st.stm32cube.common.mx_6.15.0.202507011659\db\plugins\mcufinder\reactClient1\index.html
2025-12-14 14:07:22,161 [INFO] UserAuth:487 - Internet connection configuration mode: 1
2025-12-14 14:07:22,957 [INFO] WebApp:191 - Connection restablished
2025-12-14 14:07:23,224 [WARN] PackLoader:240 - Cannot read IP mode file for STMicroelectronics.FP-SNS-MOTENVWB1.1.4.0
2025-12-14 14:07:23,240 [WARN] PackLoader:240 - Cannot read IP mode file for STMicroelectronics.FP-ATR-ASTRA1.2.0.2
2025-12-14 14:07:23,258 [WARN] PackLoader:240 - Cannot read IP mode file for STMicroelectronics.X-CUBE-SMBUS.2.1.0
2025-12-14 14:07:23,270 [WARN] PackLoader:240 - Cannot read IP mode file for STMicroelectronics.X-CUBE-ST60.1.0.0
2025-12-14 14:07:23,305 [WARN] PackLoader:240 - Cannot read IP mode file for STMicroelectronics.X-CUBE-AZRTOS-F7.1.1.0
2025-12-14 14:07:23,319 [WARN] PackLoader:240 - Cannot read IP mode file for STMicroelectronics.FP-SNS-MOTENV1.5.1.0
2025-12-14 14:07:23,350 [WARN] PackLoader:240 - Cannot read IP mode file for Infineon.AIROC-Wi-Fi-Bluetooth-STM32.1.7.1
2025-12-14 14:07:23,406 [WARN] PackLoader:240 - Cannot read IP mode file for STMicroelectronics.X-CUBE-AZRTOS-H7.3.4.0
2025-12-14 14:07:23,427 [WARN] PackLoader:240 - Cannot read IP mode file for STMicroelectronics.X-CUBE-DISPLAY.3.0.0
2025-12-14 14:07:23,456 [WARN] PackLoader:240 - Cannot read IP mode file for STMicroelectronics.X-CUBE-NFC10.1.0.0
2025-12-14 14:07:23,474 [WARN] PackLoader:240 - Cannot read IP mode file for STMicroelectronics.X-CUBE-ST60.1.1.0
2025-12-14 14:07:23,496 [WARN] PackLoader:240 - Cannot read IP mode file for emotas.I-CUBE-CANOPEN.1.3.0
2025-12-14 14:07:23,521 [WARN] PackLoader:240 - Cannot read IP mode file for STMicroelectronics.X-CUBE-GNSS1.7.1.0
2025-12-14 14:07:23,536 [WARN] PackLoader:240 - Cannot read IP mode file for STMicroelectronics.FP-SNS-STBOX1.2.1.0
2025-12-14 14:07:23,546 [WARN] PackLoader:240 - Cannot read IP mode file for STMicroelectronics.FP-SNS-SMARTAG2.1.2.0
2025-12-14 14:07:23,555 [WARN] PackLoader:240 - Cannot read IP mode file for STMicroelectronics.FP-SNS-FLIGHT1.5.1.0
2025-12-14 14:07:23,570 [INFO] LogOutputStream:77 - [STDOUT_REDIRECT] 1 : Invalid condition id : UX_CORESTACK_Condition cause : null
2025-12-14 14:07:23,572 [INFO] LogOutputStream:77 - [STDOUT_REDIRECT] 1 : Invalid condition id : UX_CORESTACK_Condition cause : null
2025-12-14 14:07:23,572 [INFO] LogOutputStream:77 - [STDOUT_REDIRECT] 1 : Invalid condition id : UX_CORESTACK_Condition cause : null
2025-12-14 14:07:23,574 [INFO] LogOutputStream:77 - [STDOUT_REDIRECT] 1 : Invalid condition id : UX_CORESTACK_Condition cause : null
2025-12-14 14:07:23,575 [INFO] LogOutputStream:77 - [STDOUT_REDIRECT] 1 : Invalid condition id : UX_CORESTACK_Condition cause : null
2025-12-14 14:07:23,577 [WARN] PackLoader:240 - Cannot read IP mode file for STMicroelectronics.X-CUBE-AZRTOS-WL.2.0.0
2025-12-14 14:07:23,595 [WARN] PackLoader:240 - Cannot read IP mode file for STMicroelectronics.FP-SNS-MOTENV1.5.0.0
2025-12-14 14:07:23,623 [WARN] PackLoader:240 - Cannot read IP mode file for STMicroelectronics.X-CUBE-AZRTOS-H7RS.1.2.0
2025-12-14 14:07:23,644 [WARN] PackLoader:240 - Cannot read IP mode file for WES.I-CUBE-Cesium.1.3.0
2025-12-14 14:07:23,656 [WARN] PackLoader:240 - Cannot read IP mode file for STMicroelectronics.X-CUBE-BLE2.3.3.0
2025-12-14 14:07:23,693 [WARN] PackLoader:240 - Cannot read IP mode file for STMicroelectronics.X-CUBE-NFC9.1.0.0
2025-12-14 14:07:23,703 [WARN] PackLoader:240 - Cannot read IP mode file for wolfSSL.I-CUBE-wolfSSL.5.8.2
2025-12-14 14:07:23,709 [WARN] PackLoader:240 - Cannot read IP mode file for STMicroelectronics.X-CUBE-BLE1.7.1.0
2025-12-14 14:07:23,716 [WARN] PackLoader:240 - Cannot read IP mode file for wolfSSL.I-CUBE-wolfMQTT.1.19.2
2025-12-14 14:07:23,727 [WARN] PackLoader:240 - Cannot read IP mode file for STMicroelectronics.X-CUBE-FREERTOS.1.4.0
2025-12-14 14:07:23,740 [WARN] PackLoader:240 - Cannot read IP mode file for STMicroelectronics.X-CUBE-EEPRMA1.5.2.0
2025-12-14 14:07:23,760 [WARN] PackLoader:240 - Cannot read IP mode file for STMicroelectronics.X-CUBE-ST67W61.1.1.0
2025-12-14 14:07:23,776 [WARN] PackLoader:240 - Cannot read IP mode file for STMicroelectronics.X-CUBE-AI.10.1.0
2025-12-14 14:07:23,850 [WARN] PackLoader:240 - Cannot read IP mode file for STMicroelectronics.X-CUBE-MEMS1.12.0.0
2025-12-14 14:07:23,986 [WARN] PackLoader:240 - Cannot read IP mode file for STMicroelectronics.X-CUBE-AZRTOS-G0.1.1.0
2025-12-14 14:07:24,008 [WARN] PackLoader:240 - Cannot read IP mode file for STMicroelectronics.X-CUBE-SAFEA1.1.2.2
2025-12-14 14:07:24,048 [WARN] PackLoader:240 - Cannot read IP mode file for STMicroelectronics.X-CUBE-NFC4.3.0.0
2025-12-14 14:07:24,063 [WARN] PackLoader:240 - Cannot read IP mode file for EmbeddedOffice.I-CUBE-FS-RTOS.1.0.1
2025-12-14 14:07:24,085 [WARN] PackLoader:240 - Cannot read IP mode file for STMicroelectronics.X-CUBE-WB05N.2.0.0
2025-12-14 14:07:24,092 [WARN] PackLoader:240 - Cannot read IP mode file for wolfSSL.I-CUBE-wolfTPM.3.8.0
2025-12-14 14:07:24,102 [WARN] PackLoader:240 - Cannot read IP mode file for STMicroelectronics.X-CUBE-TCPP.4.2.0
2025-12-14 14:07:24,107 [WARN] PackLoader:240 - Cannot read IP mode file for RealThread.X-CUBE-RT-Thread_Nano.4.1.1
2025-12-14 14:07:24,113 [WARN] PackLoader:240 - Cannot read IP mode file for STMicroelectronics.FP-ATR-SIGFOX1.3.2.0
2025-12-14 14:07:24,133 [WARN] PackLoader:240 - Cannot read IP mode file for ITTIA_DB.I-CUBE-ITTIADB.8.9.0
2025-12-14 14:07:24,138 [WARN] PackLoader:240 - Cannot read IP mode file for STMicroelectronics.X-CUBE-ST67W61.1.0.0
2025-12-14 14:07:24,140 [WARN] PackLoader:240 - Cannot read IP mode file for STMicroelectronics.X-CUBE-AI.10.2.0
2025-12-14 14:07:24,157 [WARN] PackLoader:240 - Cannot read IP mode file for SEGGER.I-CUBE-embOS.1.3.1
2025-12-14 14:07:24,183 [WARN] PackLoader:240 - Cannot read IP mode file for STMicroelectronics.X-CUBE-ALGOBUILD.1.4.0
2025-12-14 14:07:24,244 [WARN] PackLoader:240 - Cannot read IP mode file for STMicroelectronics.X-CUBE-MEMS1.11.3.0
2025-12-14 14:07:24,343 [WARN] PackLoader:240 - Cannot read IP mode file for STMicroelectronics.X-CUBE-PM33A1.1.0.0
2025-12-14 14:07:24,362 [WARN] PackLoader:240 - Cannot read IP mode file for STMicroelectronics.X-CUBE-AZRTOS-F4.1.1.0
2025-12-14 14:07:24,371 [WARN] PackLoader:240 - Cannot read IP mode file for Avnet-IotConnect.X-CUBE-IoTC-DA16k-PMOD.1.0.0
2025-12-14 14:07:24,377 [WARN] PackLoader:240 - Cannot read IP mode file for STMicroelectronics.X-CUBE-ISPU.2.1.0
2025-12-14 14:07:24,389 [WARN] PackLoader:240 - Cannot read IP mode file for STMicroelectronics.X-CUBE-IPS.3.2.0
2025-12-14 14:07:24,399 [WARN] PackLoader:240 - Cannot read IP mode file for STMicroelectronics.X-CUBE-NFC12.1.0.0
2025-12-14 14:07:24,420 [WARN] PackLoader:240 - Cannot read IP mode file for STMicroelectronics.X-CUBE-AZRTOS-L5.2.0.0
2025-12-14 14:07:24,430 [WARN] PackLoader:240 - Cannot read IP mode file for STMicroelectronics.X-CUBE-NFC6.3.1.0
2025-12-14 14:07:24,452 [WARN] PackLoader:240 - Cannot read IP mode file for STMicroelectronics.X-CUBE-FREERTOS.1.3.1
2025-12-14 14:07:24,462 [WARN] PackLoader:240 - Cannot read IP mode file for STMicroelectronics.X-CUBE-TOUCHGFX.4.26.0
2025-12-14 14:07:24,471 [WARN] PackLoader:240 - Cannot read IP mode file for STMicroelectronics.FP-SNS-STAIOTCFT.1.0.0
2025-12-14 14:07:24,476 [WARN] PackLoader:240 - Cannot read IP mode file for STMicroelectronics.X-CUBE-DPower.1.3.0
2025-12-14 14:07:24,513 [WARN] ConditionMgr:438 - getConditionDescription Invalid condition id : LAN8742 Phy interface Condition cause : null
2025-12-14 14:07:24,515 [WARN] PackLoader:240 - Cannot read IP mode file for STMicroelectronics.X-CUBE-AZRTOS-L4.2.0.0
2025-12-14 14:07:24,519 [WARN] ConditionMgr:1044 - genDependencies : Invalid condition id : LAN8742 Phy interface Condition cause : null
2025-12-14 14:07:24,520 [WARN] ConditionMgr:1044 - genDependencies : Invalid condition id : LAN8742 Phy interface Condition cause : null
2025-12-14 14:07:24,520 [WARN] ConditionMgr:1044 - genDependencies : Invalid condition id : LAN8742 Phy interface Condition cause : null
2025-12-14 14:07:24,534 [WARN] PackLoader:240 - Cannot read IP mode file for STMicroelectronics.X-CUBE-SFXS2LP1.4.0.0
2025-12-14 14:07:24,555 [WARN] PackLoader:240 - Cannot read IP mode file for STMicroelectronics.X-CUBE-BLEMGR.4.1.0
2025-12-14 14:07:24,568 [WARN] ConditionMgr:438 - getConditionDescription Invalid condition id : UX DEVICE CLASS RTOS Condition cause : null
2025-12-14 14:07:24,568 [WARN] ConditionMgr:438 - getConditionDescription Invalid condition id : UX DEVICE CLASS RTOS Condition cause : null
2025-12-14 14:07:24,569 [WARN] PackLoader:240 - Cannot read IP mode file for STMicroelectronics.X-CUBE-AZRTOS-WB.2.0.0
2025-12-14 14:07:24,570 [WARN] ConditionMgr:1044 - genDependencies : Invalid condition id : UX DEVICE CLASS RTOS Condition cause : null
2025-12-14 14:07:24,570 [WARN] ConditionMgr:1044 - genDependencies : Invalid condition id : UX DEVICE CLASS RTOS Condition cause : null
2025-12-14 14:07:24,570 [WARN] ConditionMgr:1044 - genDependencies : Invalid condition id : UX DEVICE CLASS RTOS Condition cause : null
2025-12-14 14:07:24,570 [WARN] ConditionMgr:1044 - genDependencies : Invalid condition id : UX DEVICE CLASS RTOS Condition cause : null
2025-12-14 14:07:24,570 [WARN] ConditionMgr:1044 - genDependencies : Invalid condition id : UX DEVICE CLASS RTOS Condition cause : null
2025-12-14 14:07:24,575 [WARN] PackLoader:240 - Cannot read IP mode file for STMicroelectronics.X-CUBE-GNSS1.7.0.1
2025-12-14 14:07:24,585 [WARN] PackLoader:240 - Cannot read IP mode file for STMicroelectronics.X-CUBE-TOUCHGFX.4.25.0
2025-12-14 14:07:24,608 [WARN] ConditionMgr:438 - getConditionDescription Invalid condition id : Cortex-A Device cause : null
2025-12-14 14:07:24,621 [WARN] ConditionMgr:1044 - genDependencies : Invalid condition id : Cortex-A Device cause : null
2025-12-14 14:07:24,621 [WARN] ConditionMgr:1044 - genDependencies : Invalid condition id : Cortex-A Device cause : null
2025-12-14 14:07:24,621 [WARN] ConditionMgr:1044 - genDependencies : Invalid condition id : Cortex-A Device cause : null
2025-12-14 14:07:24,631 [WARN] PackLoader:240 - Cannot read IP mode file for STMicroelectronics.X-CUBE-SUBG2.5.0.0
2025-12-14 14:07:24,656 [WARN] PackLoader:240 - Cannot read IP mode file for STMicroelectronics.X-CUBE-AZRTOS-H7RS.1.1.0
2025-12-14 14:07:24,673 [WARN] PackLoader:240 - Cannot read IP mode file for Cesanta.I-CUBE-Mongoose.7.13.0
2025-12-14 14:07:24,682 [WARN] PackLoader:240 - Cannot read IP mode file for STMicroelectronics.X-CUBE-AZRTOS-G4.2.0.0
2025-12-14 14:07:24,701 [WARN] PackLoader:240 - Cannot read IP mode file for wolfSSL.I-CUBE-wolfSSH.1.4.20
2025-12-14 14:07:24,706 [WARN] PackLoader:240 - Cannot read IP mode file for STMicroelectronics.X-CUBE-NFC7.2.0.0
2025-12-14 14:07:24,712 [WARN] PackLoader:240 - Cannot read IP mode file for STMicroelectronics.X-CUBE-IPS.3.1.0
2025-12-14 14:07:24,735 [WARN] PackLoader:240 - Cannot read IP mode file for STMicroelectronics.X-CUBE-ALS.1.0.2
2025-12-14 14:07:24,742 [WARN] PackLoader:240 - Cannot read IP mode file for STMicroelectronics.X-CUBE-STSE01.1.0.0
2025-12-14 14:07:24,752 [WARN] PackLoader:240 - Cannot read IP mode file for portGmbH.I-Cube-SoM-uGOAL.1.1.0
2025-12-14 14:07:24,761 [WARN] PackLoader:240 - Cannot read IP mode file for STMicroelectronics.X-CUBE-TOF1.3.4.3
2025-12-14 14:07:24,768 [INFO] ThirdParty:978 - Integrity check success = true
2025-12-14 14:07:24,768 [INFO] IntegrityCheckThread:100 - exiting critical section [integrity check]
2025-12-14 14:07:24,768 [INFO] IntegrityCheckThread:103 - End integrity checks thread
2025-12-14 14:09:53,942 [ERROR] LogOutputStream:75 - [STDERR_REDIRECT] 
