2025-12-17 17:02:03,327 [INFO] Activator:176 - 


2025-12-17 17:02:03,331 [INFO] Activator:177 - !SESSION log4j initialized
2025-12-17 17:02:07,308 [INFO] LogOutputStream:77 - [STDOUT_REDIRECT] 
2025-12-17 17:02:09,546 [INFO] ApplicationProperties:184 - Using Application install path: C:\ST\STM32CubeIDE_1.19.0\STM32CubeIDE\plugins\com.st.stm32cube.common.mx_6.15.0.202507011659
2025-12-17 17:02:09,570 [INFO] DbMcusXml:78 - Set database path to: C:\ST\STM32CubeIDE_1.19.0\STM32CubeIDE\plugins\com.st.stm32cube.common.mx_6.15.0.202507011659\\db\/mcu/
2025-12-17 17:02:09,570 [INFO] ApiDb:274 - Set plugin database path to: C:\ST\STM32CubeIDE_1.19.0\STM32CubeIDE\plugins\com.st.stm32cube.common.mx_6.15.0.202507011659\\db\/plugins/boardmanager/
2025-12-17 17:02:09,571 [WARN] ApiDb:259 - Overriding images path with different value:  => C:\ST\STM32CubeIDE_1.19.0\STM32CubeIDE\plugins\com.st.stm32cube.common.mx_6.15.0.202507011659\\db\/plugins/mcufinder/images/
2025-12-17 17:02:09,586 [INFO] ApiDb:250 - Set database path to: C:\Users\MattM\.stmcufinder\plugins\mcufinder//mcu/
2025-12-17 17:02:09,588 [INFO] DbMcusAds:125 - Set database path to: C:\Users\MattM\.stmcufinder\plugins\mcufinder//mcu/
2025-12-17 17:02:09,593 [INFO] CrossReferenceDbSqlite:203 - Set database path to: C:\Users\MattM\.stmcufinder\plugins\mcufinder//mcu/cs/
2025-12-17 17:02:09,851 [INFO] RulesReader:64 - Compatibility file has been processed (317 Rules)
2025-12-17 17:02:10,057 [INFO] DbMcusXml:78 - Set database path to: C:\ST\STM32CubeIDE_1.19.0\STM32CubeIDE\plugins\com.st.stm32cube.common.mx_6.15.0.202507011659\\db\/mcu/
2025-12-17 17:02:10,057 [INFO] ApiDb:274 - Set plugin database path to: C:\ST\STM32CubeIDE_1.19.0\STM32CubeIDE\plugins\com.st.stm32cube.common.mx_6.15.0.202507011659\\db\/plugins/boardmanager/
2025-12-17 17:02:10,057 [INFO] ApiDb:261 - Set plugin images path to: C:\ST\STM32CubeIDE_1.19.0\STM32CubeIDE\plugins\com.st.stm32cube.common.mx_6.15.0.202507011659\\db\/plugins/mcufinder/images/
2025-12-17 17:02:10,058 [WARN] DbFile:41 - Overriding database path with different value: C:\Users\MattM\.stmcufinder\plugins\mcufinder/ => C:\Users\MattM\.stmcufinder\plugins\mcufinder
2025-12-17 17:02:10,058 [INFO] ApiDb:250 - Set database path to: C:\Users\MattM\.stmcufinder\plugins\mcufinder//mcu/
2025-12-17 17:02:10,058 [WARN] DbFile:41 - Overriding database path with different value: C:\Users\MattM\.stmcufinder\plugins\mcufinder/ => C:\Users\MattM\.stmcufinder\plugins\mcufinder
2025-12-17 17:02:10,058 [INFO] DbMcusAds:125 - Set database path to: C:\Users\MattM\.stmcufinder\plugins\mcufinder//mcu/
2025-12-17 17:02:10,058 [WARN] DbFile:41 - Overriding database path with different value: C:\Users\MattM\.stmcufinder\plugins\mcufinder/ => C:\Users\MattM\.stmcufinder\plugins\mcufinder
2025-12-17 17:02:10,059 [WARN] DbFile:41 - Overriding database path with different value: C:\Users\MattM\.stmcufinder\plugins\mcufinder/ => C:\Users\MattM\.stmcufinder\plugins\mcufinder
2025-12-17 17:02:10,059 [INFO] CrossReferenceDbSqlite:203 - Set database path to: C:\Users\MattM\.stmcufinder\plugins\mcufinder//mcu/cs/
2025-12-17 17:02:10,229 [INFO] MainPanel:274 - HeapMemory: 268435456
2025-12-17 17:02:10,385 [INFO] DbMcusXml:78 - Set database path to: C:\ST\STM32CubeIDE_1.19.0\STM32CubeIDE\plugins\com.st.stm32cube.common.mx_6.15.0.202507011659\\db\/mcu/
2025-12-17 17:02:10,387 [INFO] ApiDb:274 - Set plugin database path to: C:\ST\STM32CubeIDE_1.19.0\STM32CubeIDE\plugins\com.st.stm32cube.common.mx_6.15.0.202507011659\\db\/plugins/boardmanager/
2025-12-17 17:02:10,387 [INFO] ApiDb:261 - Set plugin images path to: C:\ST\STM32CubeIDE_1.19.0\STM32CubeIDE\plugins\com.st.stm32cube.common.mx_6.15.0.202507011659\\db\/plugins/mcufinder/images/
2025-12-17 17:02:10,389 [WARN] DbFile:41 - Overriding database path with different value: C:\Users\MattM\.stmcufinder\plugins\mcufinder/ => C:\Users\MattM\.stmcufinder\plugins\mcufinder
2025-12-17 17:02:10,389 [INFO] ApiDb:250 - Set database path to: C:\Users\MattM\.stmcufinder\plugins\mcufinder//mcu/
2025-12-17 17:02:10,389 [WARN] DbFile:41 - Overriding database path with different value: C:\Users\MattM\.stmcufinder\plugins\mcufinder/ => C:\Users\MattM\.stmcufinder\plugins\mcufinder
2025-12-17 17:02:10,390 [INFO] DbMcusAds:125 - Set database path to: C:\Users\MattM\.stmcufinder\plugins\mcufinder//mcu/
2025-12-17 17:02:10,390 [WARN] DbFile:41 - Overriding database path with different value: C:\Users\MattM\.stmcufinder\plugins\mcufinder/ => C:\Users\MattM\.stmcufinder\plugins\mcufinder
2025-12-17 17:02:10,391 [WARN] DbFile:41 - Overriding database path with different value: C:\Users\MattM\.stmcufinder\plugins\mcufinder/ => C:\Users\MattM\.stmcufinder\plugins\mcufinder
2025-12-17 17:02:10,391 [INFO] CrossReferenceDbSqlite:203 - Set database path to: C:\Users\MattM\.stmcufinder\plugins\mcufinder//mcu/cs/
2025-12-17 17:02:10,434 [INFO] ApplicationProperties:184 - Using Application install path: C:\ST\STM32CubeIDE_1.19.0\STM32CubeIDE\plugins\com.st.stm32cube.common.mx_6.15.0.202507011659
2025-12-17 17:02:10,437 [INFO] PluginManage:196 - Search for loadable plugins [exclusion list=, ]
2025-12-17 17:02:10,441 [INFO] PluginManage:310 - Check plugin analytics
2025-12-17 17:02:10,757 [INFO] AnalyticsPlugin:253 - Accepted Software Licenses: 
2025-12-17 17:02:10,757 [INFO] AnalyticsPlugin:255 - Accepted CMSIS Pack Licenses: 
2025-12-17 17:02:10,757 [INFO] AnalyticsPlugin:257 - Accepted Firmware Licenses: FW.F7.1.17.0
2025-12-17 17:02:10,767 [INFO] PluginManage:359 - Loaded plugin analytics (category:tool,tabindex:-1)
2025-12-17 17:02:10,767 [INFO] PluginManage:310 - Check plugin cadmodel
2025-12-17 17:02:10,778 [INFO] CADModel:105 - Init CAD model plugin
2025-12-17 17:02:10,778 [INFO] PluginManage:359 - Loaded plugin cadmodel (category:power,tabindex:5)
2025-12-17 17:02:10,778 [INFO] PluginManage:310 - Check plugin clock
2025-12-17 17:02:10,799 [INFO] PluginManage:359 - Loaded plugin clock (category:base,tabindex:2)
2025-12-17 17:02:10,799 [INFO] PluginManage:310 - Check plugin ddr
2025-12-17 17:02:10,803 [INFO] PluginManage:359 - Loaded plugin ddr (category:tool,tabindex:6)
2025-12-17 17:02:10,804 [INFO] PluginManage:310 - Check plugin filemanager
2025-12-17 17:02:11,145 [INFO] PluginManage:359 - Loaded plugin filemanager (category:base,tabindex:10)
2025-12-17 17:02:11,145 [INFO] PluginManage:310 - Check plugin ipmanager
2025-12-17 17:02:11,155 [INFO] PluginManage:359 - Loaded plugin ipmanager (category:base,tabindex:5)
2025-12-17 17:02:11,157 [INFO] PluginManage:310 - Check plugin lpbam
2025-12-17 17:02:11,167 [INFO] PluginManage:359 - Loaded plugin lpbam (category:base,tabindex:0)
2025-12-17 17:02:11,167 [INFO] PluginManage:310 - Check plugin memorymap
2025-12-17 17:02:11,190 [INFO] PluginManage:359 - Loaded plugin memorymap (category:base,tabindex:4)
2025-12-17 17:02:11,190 [INFO] PluginManage:310 - Check plugin pinoutandconfiguration
2025-12-17 17:02:11,209 [INFO] PluginManage:359 - Loaded plugin pinoutandconfiguration (category:base,tabindex:1)
2025-12-17 17:02:11,209 [INFO] PluginManage:310 - Check plugin pinoutconfig
2025-12-17 17:02:11,339 [WARN] SupportedApi:132 - Cannot load RTOS API schema: s4s-elt-must-match.1: The content of 'definitions' must match (annotation?, (simpleType | complexType)?, (unique | key | keyref)*)). A problem was found starting at: attribute.
2025-12-17 17:02:11,555 [INFO] PluginManage:359 - Loaded plugin pinoutconfig (category:base,tabindex:0)
2025-12-17 17:02:11,557 [INFO] PluginManage:310 - Check plugin power
2025-12-17 17:02:11,572 [INFO] PluginManage:359 - Loaded plugin power (category:power,tabindex:4)
2025-12-17 17:02:11,572 [INFO] PluginManage:310 - Check plugin projectmanager
2025-12-17 17:02:11,595 [INFO] PluginManage:359 - Loaded plugin projectmanager (category:projectmanager,tabindex:4)
2025-12-17 17:02:11,595 [INFO] PluginManage:310 - Check plugin rif
2025-12-17 17:02:11,610 [INFO] PluginManage:359 - Loaded plugin rif (category:base,tabindex:3)
2025-12-17 17:02:11,610 [INFO] PluginManage:310 - Check plugin thirdparty
2025-12-17 17:02:11,803 [INFO] PluginManage:359 - Loaded plugin thirdparty (category:base,tabindex:-1)
2025-12-17 17:02:11,803 [INFO] PluginManage:310 - Check plugin tools
2025-12-17 17:02:11,804 [WARN] IntegrityCheckThread:84 - waiting for thirdparty lock release [integrity check]
2025-12-17 17:02:11,805 [INFO] IntegrityCheckThread:86 - entering critical section [integrity check]
2025-12-17 17:02:11,805 [INFO] ThirdPartyUpdaterWithRetryManager:70 - Updater plugin not ready yet. [1/15]
2025-12-17 17:02:11,811 [INFO] PluginManage:359 - Loaded plugin tools (category:base,tabindex:7)
2025-12-17 17:02:11,811 [INFO] PluginManage:310 - Check plugin tutovideos
2025-12-17 17:02:12,055 [INFO] PluginManage:359 - Loaded plugin tutovideos (category:base,tabindex:-1)
2025-12-17 17:02:12,055 [INFO] PluginManage:310 - Check plugin updater
2025-12-17 17:02:12,082 [INFO] PluginManage:359 - Loaded plugin updater (category:base,tabindex:12)
2025-12-17 17:02:12,082 [INFO] PluginManage:310 - Check plugin userauth
2025-12-17 17:02:12,089 [INFO] UserAuth:118 - Init User Auth plugin
2025-12-17 17:02:12,091 [INFO] PluginManage:359 - Loaded plugin userauth (category:base,tabindex:14)
2025-12-17 17:02:12,091 [INFO] PluginManage:283 - PluginManage : Loaded plugins [18]
2025-12-17 17:02:12,379 [INFO] PinOutPanel:1589 - setPackage(No Configuration,No Configuration)
2025-12-17 17:02:12,496 [INFO] CADModel:165 - CPN selected for project level
2025-12-17 17:02:12,496 [INFO] CADModel:114 - Register for checkConnection events
2025-12-17 17:02:12,546 [INFO] IPUIPlugin:80 - create IPUIPlugin
2025-12-17 17:02:12,555 [INFO] PluginManager:220 - loadIPPluginJar : add adc
2025-12-17 17:02:12,602 [INFO] IPUIPlugin:80 - create IPUIPlugin
2025-12-17 17:02:12,602 [INFO] PluginManager:220 - loadIPPluginJar : add aes
2025-12-17 17:02:12,651 [INFO] IPUIPlugin:80 - create IPUIPlugin
2025-12-17 17:02:12,651 [INFO] PluginManager:220 - loadIPPluginJar : add can
2025-12-17 17:02:12,682 [INFO] IPUIPlugin:80 - create IPUIPlugin
2025-12-17 17:02:12,682 [INFO] PluginManager:220 - loadIPPluginJar : add comp
2025-12-17 17:02:12,712 [INFO] IPUIPlugin:80 - create IPUIPlugin
2025-12-17 17:02:12,712 [INFO] PluginManager:220 - loadIPPluginJar : add cryp
2025-12-17 17:02:12,718 [INFO] IPUIPlugin:80 - create IPUIPlugin
2025-12-17 17:02:12,718 [INFO] PluginManager:220 - loadIPPluginJar : add ddr_ctrl_phy
2025-12-17 17:02:12,723 [INFO] IPUIPlugin:80 - create IPUIPlugin
2025-12-17 17:02:12,723 [INFO] PluginManager:220 - loadIPPluginJar : add dfsdm
2025-12-17 17:02:12,732 [INFO] IPUIPlugin:80 - create IPUIPlugin
2025-12-17 17:02:12,733 [INFO] PluginManager:220 - loadIPPluginJar : add dma
2025-12-17 17:02:12,739 [INFO] IPUIPlugin:80 - create IPUIPlugin
2025-12-17 17:02:12,739 [INFO] PluginManager:220 - loadIPPluginJar : add dma3
2025-12-17 17:02:12,745 [INFO] IPUIPlugin:80 - create IPUIPlugin
2025-12-17 17:02:12,745 [INFO] PluginManager:220 - loadIPPluginJar : add extmemmanager
2025-12-17 17:02:12,749 [INFO] IPUIPlugin:80 - create IPUIPlugin
2025-12-17 17:02:12,749 [INFO] PluginManager:220 - loadIPPluginJar : add fatfs
2025-12-17 17:02:12,760 [INFO] IPUIPlugin:80 - create IPUIPlugin
2025-12-17 17:02:12,760 [INFO] PluginManager:220 - loadIPPluginJar : add fmc
2025-12-17 17:02:12,775 [INFO] IPUIPlugin:80 - create IPUIPlugin
2025-12-17 17:02:12,775 [INFO] PluginManager:220 - loadIPPluginJar : add freertos
2025-12-17 17:02:12,777 [INFO] IPUIPlugin:80 - create IPUIPlugin
2025-12-17 17:02:12,777 [INFO] PluginManager:220 - loadIPPluginJar : add genericplugin
2025-12-17 17:02:12,778 [INFO] IPUIPlugin:80 - create IPUIPlugin
2025-12-17 17:02:12,778 [INFO] PluginManager:220 - loadIPPluginJar : add gfxmmu
2025-12-17 17:02:12,783 [INFO] IPUIPlugin:80 - create IPUIPlugin
2025-12-17 17:02:12,783 [INFO] PluginManager:220 - loadIPPluginJar : add gic
2025-12-17 17:02:12,783 [INFO] IPUIPlugin:80 - create IPUIPlugin
2025-12-17 17:02:12,783 [INFO] PluginManager:220 - loadIPPluginJar : add gpio
2025-12-17 17:02:12,788 [INFO] IPUIPlugin:80 - create IPUIPlugin
2025-12-17 17:02:12,789 [INFO] PluginManager:220 - loadIPPluginJar : add gtzc
2025-12-17 17:02:12,791 [INFO] IPUIPlugin:80 - create IPUIPlugin
2025-12-17 17:02:12,791 [INFO] PluginManager:220 - loadIPPluginJar : add hash
2025-12-17 17:02:12,792 [INFO] IPUIPlugin:80 - create IPUIPlugin
2025-12-17 17:02:12,793 [INFO] PluginManager:220 - loadIPPluginJar : add i2c
2025-12-17 17:02:12,794 [INFO] IPUIPlugin:80 - create IPUIPlugin
2025-12-17 17:02:12,794 [INFO] PluginManager:220 - loadIPPluginJar : add i2s
2025-12-17 17:02:12,800 [INFO] IPUIPlugin:80 - create IPUIPlugin
2025-12-17 17:02:12,800 [INFO] PluginManager:220 - loadIPPluginJar : add i3c
2025-12-17 17:02:12,805 [INFO] IPUIPlugin:80 - create IPUIPlugin
2025-12-17 17:02:12,807 [INFO] PluginManager:220 - loadIPPluginJar : add ipddr
2025-12-17 17:02:12,815 [INFO] IPUIPlugin:80 - create IPUIPlugin
2025-12-17 17:02:12,815 [INFO] PluginManager:220 - loadIPPluginJar : add linkedlist
2025-12-17 17:02:12,824 [INFO] IPUIPlugin:80 - create IPUIPlugin
2025-12-17 17:02:12,825 [INFO] PluginManager:220 - loadIPPluginJar : add lorawan
2025-12-17 17:02:12,827 [INFO] IPUIPlugin:80 - create IPUIPlugin
2025-12-17 17:02:12,828 [INFO] PluginManager:220 - loadIPPluginJar : add ltdc
2025-12-17 17:02:12,833 [INFO] IPUIPlugin:80 - create IPUIPlugin
2025-12-17 17:02:12,833 [INFO] PluginManager:220 - loadIPPluginJar : add mdma
2025-12-17 17:02:12,838 [INFO] IPUIPlugin:80 - create IPUIPlugin
2025-12-17 17:02:12,838 [INFO] PluginManager:220 - loadIPPluginJar : add nvic
2025-12-17 17:02:12,840 [INFO] IPUIPlugin:80 - create IPUIPlugin
2025-12-17 17:02:12,840 [INFO] PluginManager:220 - loadIPPluginJar : add opamp
2025-12-17 17:02:12,843 [INFO] IPUIPlugin:80 - create IPUIPlugin
2025-12-17 17:02:12,843 [INFO] PluginManager:220 - loadIPPluginJar : add openamp
2025-12-17 17:02:12,845 [INFO] IPUIPlugin:80 - create IPUIPlugin
2025-12-17 17:02:12,845 [INFO] PluginManager:220 - loadIPPluginJar : add pdm2pcm
2025-12-17 17:02:12,857 [INFO] IPUIPlugin:80 - create IPUIPlugin
2025-12-17 17:02:12,867 [INFO] PluginManager:220 - loadIPPluginJar : add plateformsettings
2025-12-17 17:02:12,882 [INFO] IPUIPlugin:80 - create IPUIPlugin
2025-12-17 17:02:12,882 [INFO] PluginManager:220 - loadIPPluginJar : add quadspi
2025-12-17 17:02:12,895 [INFO] IPUIPlugin:80 - create IPUIPlugin
2025-12-17 17:02:12,895 [INFO] PluginManager:220 - loadIPPluginJar : add radio
2025-12-17 17:02:12,931 [INFO] IPUIPlugin:80 - create IPUIPlugin
2025-12-17 17:02:12,931 [INFO] PluginManager:220 - loadIPPluginJar : add resmgrutility
2025-12-17 17:02:12,935 [INFO] IPUIPlugin:80 - create IPUIPlugin
2025-12-17 17:02:12,935 [INFO] PluginManager:220 - loadIPPluginJar : add sai
2025-12-17 17:02:12,939 [INFO] IPUIPlugin:80 - create IPUIPlugin
2025-12-17 17:02:12,939 [INFO] PluginManager:220 - loadIPPluginJar : add spi
2025-12-17 17:02:12,952 [INFO] IPUIPlugin:80 - create IPUIPlugin
2025-12-17 17:02:12,952 [INFO] PluginManager:220 - loadIPPluginJar : add stm32_wpan
2025-12-17 17:02:12,958 [INFO] IPUIPlugin:80 - create IPUIPlugin
2025-12-17 17:02:12,958 [INFO] PluginManager:220 - loadIPPluginJar : add tim
2025-12-17 17:02:12,968 [INFO] IPUIPlugin:80 - create IPUIPlugin
2025-12-17 17:02:12,968 [INFO] PluginManager:220 - loadIPPluginJar : add touchsensing
2025-12-17 17:02:12,975 [INFO] IPUIPlugin:80 - create IPUIPlugin
2025-12-17 17:02:12,975 [INFO] PluginManager:220 - loadIPPluginJar : add tracer_emb
2025-12-17 17:02:12,978 [INFO] IPUIPlugin:80 - create IPUIPlugin
2025-12-17 17:02:12,980 [INFO] PluginManager:220 - loadIPPluginJar : add ts
2025-12-17 17:02:12,980 [INFO] IPUIPlugin:80 - create IPUIPlugin
2025-12-17 17:02:12,980 [INFO] PluginManager:220 - loadIPPluginJar : add tsc
2025-12-17 17:02:12,989 [INFO] IPUIPlugin:80 - create IPUIPlugin
2025-12-17 17:02:12,990 [INFO] PluginManager:220 - loadIPPluginJar : add ucpd
2025-12-17 17:02:12,993 [INFO] IPUIPlugin:80 - create IPUIPlugin
2025-12-17 17:02:12,993 [INFO] PluginManager:220 - loadIPPluginJar : add usart
2025-12-17 17:02:12,999 [INFO] IPUIPlugin:80 - create IPUIPlugin
2025-12-17 17:02:12,999 [INFO] PluginManager:220 - loadIPPluginJar : add usbx
2025-12-17 17:02:13,203 [FATAL] Updater:351 - Updater called before beeing initialized
2025-12-17 17:02:13,271 [INFO] RulesReader:64 - Compatibility file has been processed (317 Rules)
2025-12-17 17:02:13,303 [INFO] RulesReader:64 - Compatibility file has been processed (317 Rules)
2025-12-17 17:02:13,340 [INFO] CADModel:165 - CPN selected for project level
2025-12-17 17:02:13,340 [INFO] CADModel:114 - Register for checkConnection events
2025-12-17 17:02:13,341 [FATAL] Updater:351 - Updater called before beeing initialized
2025-12-17 17:02:13,341 [ERROR] CADModel:125 - Updater not yet initialized, retry later 
2025-12-17 17:02:13,568 [FATAL] Updater:351 - Updater called before beeing initialized
2025-12-17 17:02:13,571 [INFO] CADModel:165 - CPN selected for project level
2025-12-17 17:02:13,571 [INFO] CADModel:114 - Register for checkConnection events
2025-12-17 17:02:13,571 [FATAL] Updater:351 - Updater called before beeing initialized
2025-12-17 17:02:13,571 [ERROR] CADModel:125 - Updater not yet initialized, retry later 
2025-12-17 17:02:13,575 [FATAL] Updater:351 - Updater called before beeing initialized
2025-12-17 17:02:13,790 [FATAL] Updater:351 - Updater called before beeing initialized
2025-12-17 17:02:13,795 [INFO] DbMcusAds:53 - JSON generation date=Tue Nov 25 06:08:32 PST 2025 (1764079712835)
2025-12-17 17:02:13,795 [FATAL] Updater:351 - Updater called before beeing initialized
2025-12-17 17:02:13,865 [WARN] DetailPanel:346 - Failed to get advertising image, set to default
2025-12-17 17:02:13,995 [FATAL] Updater:351 - Updater called before beeing initialized
2025-12-17 17:02:13,999 [FATAL] Updater:351 - Updater called before beeing initialized
2025-12-17 17:02:13,999 [FATAL] Updater:351 - Updater called before beeing initialized
2025-12-17 17:02:13,999 [WARN] DetailPanel:346 - Failed to get advertising image, set to default
2025-12-17 17:02:14,001 [FATAL] Updater:351 - Updater called before beeing initialized
2025-12-17 17:02:14,083 [ERROR] Updater:1198 - MainUpdater not yet initialized. External WinMGr cannot be set.
2025-12-17 17:02:14,085 [INFO] Updater:1134 - Updater Version found : 6.15.0
2025-12-17 17:02:14,106 [INFO] ApplicationProperties:184 - Using Application install path: C:\ST\STM32CubeIDE_1.19.0\STM32CubeIDE\plugins\com.st.stm32cube.common.mx_6.15.0.202507011659
2025-12-17 17:02:14,812 [INFO] ThirdPartyUpdaterWithRetryManager:70 - Updater plugin not ready yet. [2/15]
2025-12-17 17:02:15,678 [ERROR] LogOutputStream:75 - [STDERR_REDIRECT] Dec 17, 2025 5:02:15 PM java.util.prefs.WindowsPreferences <init>
2025-12-17 17:02:15,679 [ERROR] LogOutputStream:75 - [STDERR_REDIRECT] WARNING: Could not open/create prefs root node Software\JavaSoft\Prefs at root 0xffffffff80000002. Windows RegCreateKeyEx(...) returned error code 5.
2025-12-17 17:02:15,679 [ERROR] LogOutputStream:75 - [STDERR_REDIRECT] 
2025-12-17 17:02:17,389 [INFO] MainUpdater:2872 - connection check result : 10
2025-12-17 17:02:17,390 [INFO] MainUpdater:3604 - Updater definition file requires update
2025-12-17 17:02:17,390 [INFO] MainUpdater:289 - Updater Check For Update Now.
2025-12-17 17:02:17,390 [INFO] MicroXplorer:498 - Change Database Version : DB.6.0.150
2025-12-17 17:02:17,395 [INFO] McuFinderGlobals:63 - Set McuFinder mode to 2 (CubeIDE integrated)
2025-12-17 17:02:17,396 [INFO] UserAuth:487 - Internet connection configuration mode: 1
2025-12-17 17:02:17,410 [INFO] JxBrowserEngine:152 - Initiate JxBrowser Engine with user profile folder
2025-12-17 17:02:17,520 [INFO] ServerAccessManage:452 - Complete download http(s) 200
2025-12-17 17:02:17,522 [INFO] ServerAccessManage:509 - Download File updaters.zip
2025-12-17 17:02:17,771 [INFO] FileExtend:248 - Unzip File : updaters.zip
2025-12-17 17:02:17,771 [INFO] FileExtend:263 - Standard Zip Deflate
2025-12-17 17:02:17,814 [WARN] MainUpdater:1193 - Updater busy. Cannot search thirdparties
2025-12-17 17:02:17,814 [INFO] ThirdPartyUpdaterWithRetryManager:96 - Updater plugin is busy. [1/15]
2025-12-17 17:02:18,170 [INFO] ServerAccessManage:452 - Complete download http(s) 200
2025-12-17 17:02:18,170 [INFO] ServerAccessManage:509 - Download File PacksControlFlags.xml
2025-12-17 17:02:18,587 [INFO] ServerAccessManage:452 - Complete download http(s) 200
2025-12-17 17:02:18,588 [INFO] ServerAccessManage:509 - Download File cubemx.pidx
2025-12-17 17:02:18,672 [INFO] LoadServerUpdatesThread:375 - End of LoadServerUpdate Thread
2025-12-17 17:02:18,840 [INFO] CheckServerUpdateThread:120 - End of CheckServer Thread
2025-12-17 17:02:19,355 [INFO] WebApp:169 - Instantiating new browser for Auth
2025-12-17 17:02:20,137 [INFO] WebApp:463 - Apply proxy settings
2025-12-17 17:02:20,138 [INFO] WebApp:548 - Chromium requires no authentication
2025-12-17 17:02:20,157 [INFO] WebApp:491 - Direct internet connection detected
2025-12-17 17:02:20,194 [INFO] WebApp:900 - Register for checkConnection events
2025-12-17 17:02:20,194 [INFO] WebApp:463 - Apply proxy settings
2025-12-17 17:02:20,194 [INFO] WebApp:548 - Chromium requires no authentication
2025-12-17 17:02:20,194 [INFO] WebApp:491 - Direct internet connection detected
2025-12-17 17:02:20,384 [INFO] WebApp:225 - Starting web application
2025-12-17 17:02:20,384 [INFO] WebApp:593 - Web application path used C:\ST\STM32CubeIDE_1.19.0\STM32CubeIDE\plugins\com.st.stm32cube.common.mx_6.15.0.202507011659\db\plugins\mcufinder\reactClient1\index.html
2025-12-17 17:02:20,754 [INFO] WebApp:191 - Connection restablished
2025-12-17 17:02:20,800 [INFO] UserAuth:487 - Internet connection configuration mode: 1
2025-12-17 17:02:21,213 [WARN] PackLoader:240 - Cannot read IP mode file for STMicroelectronics.FP-SNS-MOTENVWB1.1.4.0
2025-12-17 17:02:21,228 [WARN] PackLoader:240 - Cannot read IP mode file for STMicroelectronics.FP-ATR-ASTRA1.2.0.2
2025-12-17 17:02:21,238 [WARN] PackLoader:240 - Cannot read IP mode file for STMicroelectronics.X-CUBE-SMBUS.2.1.0
2025-12-17 17:02:21,242 [WARN] PackLoader:240 - Cannot read IP mode file for STMicroelectronics.X-CUBE-ST60.1.0.0
2025-12-17 17:02:21,260 [WARN] PackLoader:240 - Cannot read IP mode file for STMicroelectronics.X-CUBE-AZRTOS-F7.1.1.0
2025-12-17 17:02:21,266 [WARN] PackLoader:240 - Cannot read IP mode file for STMicroelectronics.FP-SNS-MOTENV1.5.1.0
2025-12-17 17:02:21,297 [WARN] PackLoader:240 - Cannot read IP mode file for Infineon.AIROC-Wi-Fi-Bluetooth-STM32.1.7.1
2025-12-17 17:02:21,317 [WARN] PackLoader:240 - Cannot read IP mode file for STMicroelectronics.X-CUBE-AZRTOS-H7.3.4.0
2025-12-17 17:02:21,326 [WARN] PackLoader:240 - Cannot read IP mode file for STMicroelectronics.X-CUBE-DISPLAY.3.0.0
2025-12-17 17:02:21,337 [WARN] PackLoader:240 - Cannot read IP mode file for STMicroelectronics.X-CUBE-NFC10.1.0.0
2025-12-17 17:02:21,344 [WARN] PackLoader:240 - Cannot read IP mode file for STMicroelectronics.X-CUBE-ST60.1.1.0
2025-12-17 17:02:21,349 [WARN] PackLoader:240 - Cannot read IP mode file for emotas.I-CUBE-CANOPEN.1.3.0
2025-12-17 17:02:21,355 [WARN] PackLoader:240 - Cannot read IP mode file for STMicroelectronics.X-CUBE-GNSS1.7.1.0
2025-12-17 17:02:21,361 [WARN] PackLoader:240 - Cannot read IP mode file for STMicroelectronics.FP-SNS-STBOX1.2.1.0
2025-12-17 17:02:21,367 [WARN] PackLoader:240 - Cannot read IP mode file for STMicroelectronics.FP-SNS-SMARTAG2.1.2.0
2025-12-17 17:02:21,373 [WARN] PackLoader:240 - Cannot read IP mode file for STMicroelectronics.FP-SNS-FLIGHT1.5.1.0
2025-12-17 17:02:21,379 [INFO] LogOutputStream:77 - [STDOUT_REDIRECT] 1 : Invalid condition id : UX_CORESTACK_Condition cause : null
2025-12-17 17:02:21,380 [INFO] LogOutputStream:77 - [STDOUT_REDIRECT] 1 : Invalid condition id : UX_CORESTACK_Condition cause : null
2025-12-17 17:02:21,380 [INFO] LogOutputStream:77 - [STDOUT_REDIRECT] 1 : Invalid condition id : UX_CORESTACK_Condition cause : null
2025-12-17 17:02:21,381 [INFO] LogOutputStream:77 - [STDOUT_REDIRECT] 1 : Invalid condition id : UX_CORESTACK_Condition cause : null
2025-12-17 17:02:21,381 [INFO] LogOutputStream:77 - [STDOUT_REDIRECT] 1 : Invalid condition id : UX_CORESTACK_Condition cause : null
2025-12-17 17:02:21,383 [WARN] PackLoader:240 - Cannot read IP mode file for STMicroelectronics.X-CUBE-AZRTOS-WL.2.0.0
2025-12-17 17:02:21,387 [WARN] PackLoader:240 - Cannot read IP mode file for STMicroelectronics.FP-SNS-MOTENV1.5.0.0
2025-12-17 17:02:21,399 [WARN] PackLoader:240 - Cannot read IP mode file for STMicroelectronics.X-CUBE-AZRTOS-H7RS.1.2.0
2025-12-17 17:02:21,408 [WARN] PackLoader:240 - Cannot read IP mode file for WES.I-CUBE-Cesium.1.3.0
2025-12-17 17:02:21,411 [WARN] PackLoader:240 - Cannot read IP mode file for STMicroelectronics.X-CUBE-BLE2.3.3.0
2025-12-17 17:02:21,427 [WARN] PackLoader:240 - Cannot read IP mode file for STMicroelectronics.X-CUBE-NFC9.1.0.0
2025-12-17 17:02:21,432 [WARN] PackLoader:240 - Cannot read IP mode file for wolfSSL.I-CUBE-wolfSSL.5.8.2
2025-12-17 17:02:21,436 [WARN] PackLoader:240 - Cannot read IP mode file for STMicroelectronics.X-CUBE-BLE1.7.1.0
2025-12-17 17:02:21,443 [WARN] PackLoader:240 - Cannot read IP mode file for wolfSSL.I-CUBE-wolfMQTT.1.19.2
2025-12-17 17:02:21,447 [WARN] PackLoader:240 - Cannot read IP mode file for STMicroelectronics.X-CUBE-FREERTOS.1.4.0
2025-12-17 17:02:21,451 [WARN] PackLoader:240 - Cannot read IP mode file for STMicroelectronics.X-CUBE-EEPRMA1.5.2.0
2025-12-17 17:02:21,458 [WARN] PackLoader:240 - Cannot read IP mode file for STMicroelectronics.X-CUBE-ST67W61.1.1.0
2025-12-17 17:02:21,461 [WARN] PackLoader:240 - Cannot read IP mode file for STMicroelectronics.X-CUBE-AI.10.1.0
2025-12-17 17:02:21,486 [WARN] PackLoader:240 - Cannot read IP mode file for STMicroelectronics.X-CUBE-MEMS1.12.0.0
2025-12-17 17:02:21,557 [WARN] PackLoader:240 - Cannot read IP mode file for STMicroelectronics.X-CUBE-AZRTOS-G0.1.1.0
2025-12-17 17:02:21,564 [WARN] PackLoader:240 - Cannot read IP mode file for STMicroelectronics.X-CUBE-SAFEA1.1.2.2
2025-12-17 17:02:21,568 [WARN] PackLoader:240 - Cannot read IP mode file for STMicroelectronics.X-CUBE-NFC4.3.0.0
2025-12-17 17:02:21,575 [WARN] PackLoader:240 - Cannot read IP mode file for EmbeddedOffice.I-CUBE-FS-RTOS.1.0.1
2025-12-17 17:02:21,579 [WARN] PackLoader:240 - Cannot read IP mode file for STMicroelectronics.X-CUBE-WB05N.2.0.0
2025-12-17 17:02:21,583 [WARN] PackLoader:240 - Cannot read IP mode file for wolfSSL.I-CUBE-wolfTPM.3.8.0
2025-12-17 17:02:21,588 [WARN] PackLoader:240 - Cannot read IP mode file for STMicroelectronics.X-CUBE-TCPP.4.2.0
2025-12-17 17:02:21,592 [WARN] PackLoader:240 - Cannot read IP mode file for RealThread.X-CUBE-RT-Thread_Nano.4.1.1
2025-12-17 17:02:21,595 [WARN] PackLoader:240 - Cannot read IP mode file for STMicroelectronics.FP-ATR-SIGFOX1.3.2.0
2025-12-17 17:02:21,602 [WARN] PackLoader:240 - Cannot read IP mode file for ITTIA_DB.I-CUBE-ITTIADB.8.9.0
2025-12-17 17:02:21,608 [WARN] PackLoader:240 - Cannot read IP mode file for STMicroelectronics.X-CUBE-ST67W61.1.0.0
2025-12-17 17:02:21,611 [WARN] PackLoader:240 - Cannot read IP mode file for STMicroelectronics.X-CUBE-AI.10.2.0
2025-12-17 17:02:21,630 [WARN] PackLoader:240 - Cannot read IP mode file for SEGGER.I-CUBE-embOS.1.3.1
2025-12-17 17:02:21,676 [WARN] PackLoader:240 - Cannot read IP mode file for STMicroelectronics.X-CUBE-ALGOBUILD.1.4.0
2025-12-17 17:02:21,733 [WARN] PackLoader:240 - Cannot read IP mode file for STMicroelectronics.X-CUBE-MEMS1.11.3.0
2025-12-17 17:02:21,811 [WARN] PackLoader:240 - Cannot read IP mode file for STMicroelectronics.X-CUBE-PM33A1.1.0.0
2025-12-17 17:02:21,823 [WARN] PackLoader:240 - Cannot read IP mode file for STMicroelectronics.X-CUBE-AZRTOS-F4.1.1.0
2025-12-17 17:02:21,827 [WARN] PackLoader:240 - Cannot read IP mode file for Avnet-IotConnect.X-CUBE-IoTC-DA16k-PMOD.1.0.0
2025-12-17 17:02:21,830 [WARN] PackLoader:240 - Cannot read IP mode file for STMicroelectronics.X-CUBE-ISPU.2.1.0
2025-12-17 17:02:21,838 [WARN] PackLoader:240 - Cannot read IP mode file for STMicroelectronics.X-CUBE-IPS.3.2.0
2025-12-17 17:02:21,845 [WARN] PackLoader:240 - Cannot read IP mode file for STMicroelectronics.X-CUBE-NFC12.1.0.0
2025-12-17 17:02:21,856 [WARN] PackLoader:240 - Cannot read IP mode file for STMicroelectronics.X-CUBE-AZRTOS-L5.2.0.0
2025-12-17 17:02:21,861 [WARN] PackLoader:240 - Cannot read IP mode file for STMicroelectronics.X-CUBE-NFC6.3.1.0
2025-12-17 17:02:21,865 [WARN] PackLoader:240 - Cannot read IP mode file for STMicroelectronics.X-CUBE-FREERTOS.1.3.1
2025-12-17 17:02:21,871 [WARN] PackLoader:240 - Cannot read IP mode file for STMicroelectronics.X-CUBE-TOUCHGFX.4.26.0
2025-12-17 17:02:21,874 [WARN] PackLoader:240 - Cannot read IP mode file for STMicroelectronics.FP-SNS-STAIOTCFT.1.0.0
2025-12-17 17:02:21,877 [WARN] PackLoader:240 - Cannot read IP mode file for STMicroelectronics.X-CUBE-DPower.1.3.0
2025-12-17 17:02:21,887 [WARN] ConditionMgr:438 - getConditionDescription Invalid condition id : LAN8742 Phy interface Condition cause : null
2025-12-17 17:02:21,888 [WARN] PackLoader:240 - Cannot read IP mode file for STMicroelectronics.X-CUBE-AZRTOS-L4.2.0.0
2025-12-17 17:02:21,889 [WARN] ConditionMgr:1044 - genDependencies : Invalid condition id : LAN8742 Phy interface Condition cause : null
2025-12-17 17:02:21,889 [WARN] ConditionMgr:1044 - genDependencies : Invalid condition id : LAN8742 Phy interface Condition cause : null
2025-12-17 17:02:21,889 [WARN] ConditionMgr:1044 - genDependencies : Invalid condition id : LAN8742 Phy interface Condition cause : null
2025-12-17 17:02:21,894 [WARN] PackLoader:240 - Cannot read IP mode file for STMicroelectronics.X-CUBE-SFXS2LP1.4.0.0
2025-12-17 17:02:21,902 [WARN] PackLoader:240 - Cannot read IP mode file for STMicroelectronics.X-CUBE-BLEMGR.4.1.0
2025-12-17 17:02:21,923 [WARN] ConditionMgr:438 - getConditionDescription Invalid condition id : UX DEVICE CLASS RTOS Condition cause : null
2025-12-17 17:02:21,924 [WARN] ConditionMgr:438 - getConditionDescription Invalid condition id : UX DEVICE CLASS RTOS Condition cause : null
2025-12-17 17:02:21,927 [WARN] PackLoader:240 - Cannot read IP mode file for STMicroelectronics.X-CUBE-AZRTOS-WB.2.0.0
2025-12-17 17:02:21,928 [WARN] ConditionMgr:1044 - genDependencies : Invalid condition id : UX DEVICE CLASS RTOS Condition cause : null
2025-12-17 17:02:21,929 [WARN] ConditionMgr:1044 - genDependencies : Invalid condition id : UX DEVICE CLASS RTOS Condition cause : null
2025-12-17 17:02:21,930 [WARN] ConditionMgr:1044 - genDependencies : Invalid condition id : UX DEVICE CLASS RTOS Condition cause : null
2025-12-17 17:02:21,930 [WARN] ConditionMgr:1044 - genDependencies : Invalid condition id : UX DEVICE CLASS RTOS Condition cause : null
2025-12-17 17:02:21,930 [WARN] ConditionMgr:1044 - genDependencies : Invalid condition id : UX DEVICE CLASS RTOS Condition cause : null
2025-12-17 17:02:21,939 [WARN] PackLoader:240 - Cannot read IP mode file for STMicroelectronics.X-CUBE-GNSS1.7.0.1
2025-12-17 17:02:21,945 [WARN] PackLoader:240 - Cannot read IP mode file for STMicroelectronics.X-CUBE-TOUCHGFX.4.25.0
2025-12-17 17:02:21,950 [WARN] ConditionMgr:438 - getConditionDescription Invalid condition id : Cortex-A Device cause : null
2025-12-17 17:02:21,959 [WARN] ConditionMgr:1044 - genDependencies : Invalid condition id : Cortex-A Device cause : null
2025-12-17 17:02:21,960 [WARN] ConditionMgr:1044 - genDependencies : Invalid condition id : Cortex-A Device cause : null
2025-12-17 17:02:21,960 [WARN] ConditionMgr:1044 - genDependencies : Invalid condition id : Cortex-A Device cause : null
2025-12-17 17:02:21,967 [WARN] PackLoader:240 - Cannot read IP mode file for STMicroelectronics.X-CUBE-SUBG2.5.0.0
2025-12-17 17:02:21,994 [WARN] PackLoader:240 - Cannot read IP mode file for STMicroelectronics.X-CUBE-AZRTOS-H7RS.1.1.0
2025-12-17 17:02:22,004 [WARN] PackLoader:240 - Cannot read IP mode file for Cesanta.I-CUBE-Mongoose.7.13.0
2025-12-17 17:02:22,013 [WARN] PackLoader:240 - Cannot read IP mode file for STMicroelectronics.X-CUBE-AZRTOS-G4.2.0.0
2025-12-17 17:02:22,017 [WARN] PackLoader:240 - Cannot read IP mode file for wolfSSL.I-CUBE-wolfSSH.1.4.20
2025-12-17 17:02:22,024 [WARN] PackLoader:240 - Cannot read IP mode file for STMicroelectronics.X-CUBE-NFC7.2.0.0
2025-12-17 17:02:22,031 [WARN] PackLoader:240 - Cannot read IP mode file for STMicroelectronics.X-CUBE-IPS.3.1.0
2025-12-17 17:02:22,039 [WARN] PackLoader:240 - Cannot read IP mode file for STMicroelectronics.X-CUBE-ALS.1.0.2
2025-12-17 17:02:22,044 [WARN] PackLoader:240 - Cannot read IP mode file for STMicroelectronics.X-CUBE-STSE01.1.0.0
2025-12-17 17:02:22,049 [WARN] PackLoader:240 - Cannot read IP mode file for portGmbH.I-Cube-SoM-uGOAL.1.1.0
2025-12-17 17:02:22,058 [WARN] PackLoader:240 - Cannot read IP mode file for STMicroelectronics.X-CUBE-TOF1.3.4.3
2025-12-17 17:02:22,063 [INFO] ThirdParty:978 - Integrity check success = true
2025-12-17 17:02:22,063 [INFO] IntegrityCheckThread:100 - exiting critical section [integrity check]
2025-12-17 17:02:22,063 [INFO] IntegrityCheckThread:103 - End integrity checks thread
2025-12-17 17:02:38,235 [ERROR] LogOutputStream:75 - [STDERR_REDIRECT] 
